-549.93704 -666.158998
START: END 5000, NGRID 5
START BINARY SEARCH
TIME: 25.569782066345216 mins
START BINARY SEARCH
TIME: 30.836127928892772 mins
START BINARY SEARCH
TIME: 30.753133988380434 mins
START BINARY SEARCH
TIME: 30.864154426256814 mins
START BINARY SEARCH
TIME: 30.012953146298727 mins
START BINARY SEARCH
TIME: 30.02203814983368 mins
START BINARY SEARCH
TIME: 30.200670512517295 mins
START BINARY SEARCH
TIME: 30.367672952016196 mins
START BINARY SEARCH
TIME: 30.31935147047043 mins
START BINARY SEARCH
TIME: 30.00937178929647 mins
START BINARY SEARCH
TIME: 30.24509975910187 mins
TIME: 330.15768704017006 mins
Cutoffs:  [0, 10, 20, 50, 100, 200] Price:  [0.0, 2426.0, 2418.0, 2418.0, 2072.0, 2072.0, 2090.0, 2090.0, 2112.0, 2112.0] Comp:  [  0.  22.  24.  46.  41. 102. 104. 207. 211. 422.] Profit:  9.5716
Total Revenue:  37.64 Total Cost:  11.93 Total Profit:  25.71
Consumer Welfare:  12.02 Social Welfare:  37.73 

