-549.93704 -666.158998
START: END 4000, NGRID 5
START BINARY SEARCH
TIME: 25.371181694666543 mins
START BINARY SEARCH
TIME: 30.650235454241436 mins
START BINARY SEARCH
TIME: 30.609805444876354 mins
START BINARY SEARCH
TIME: 30.848450756073 mins
START BINARY SEARCH
TIME: 30.164936526616415 mins
START BINARY SEARCH
TIME: 30.34975957473119 mins
START BINARY SEARCH
TIME: 30.487268428007763 mins
START BINARY SEARCH
TIME: 30.373211185137432 mins
START BINARY SEARCH
TIME: 30.33852543433507 mins
START BINARY SEARCH
TIME: 30.005188492933907 mins
TIME: 300.06239569187164 mins
Cutoffs:  [0, 10, 20, 50, 100, 200] Price:  [0.0, 2381.0, 2344.0, 2344.0, 2051.0, 2051.0, 2021.0, 2021.0, 2055.0, 2055.0] Comp:  [  0.  21.  23.  45.  41. 100. 101. 200. 205. 411.] Profit:  9.57
Total Revenue:  38.01 Total Cost:  12.31 Total Profit:  25.71
Consumer Welfare:  12.82 Social Welfare:  38.52 

