-549.93704 -666.158998
START: END 3000, NGRID 5
START BINARY SEARCH
TIME: 25.777908511956532 mins
START BINARY SEARCH
TIME: 30.524466864267985 mins
START BINARY SEARCH
TIME: 31.006934559345247 mins
START BINARY SEARCH
TIME: 30.94643923441569 mins
START BINARY SEARCH
TIME: 30.239093629519143 mins
START BINARY SEARCH
TIME: 30.157747503121694 mins
START BINARY SEARCH
TIME: 30.231808336575828 mins
START BINARY SEARCH
TIME: 29.988203648726145 mins
START BINARY SEARCH
TIME: 30.370687143007913 mins
START BINARY SEARCH
TIME: 29.958863973617554 mins
TIME: 300.0871794382731 mins
Cutoffs:  [0, 10, 20, 50, 100, 200] Price:  [0.0, 2380.0, 2344.0, 2344.0, 2049.0, 2049.0, 2023.0, 2023.0, 2057.0, 2057.0] Comp:  [  0.  21.  23.  45.  41. 100. 101. 200. 206. 411.] Profit:  9.5722
Total Revenue:  38.02 Total Cost:  12.31 Total Profit:  25.71
Consumer Welfare:  12.82 Social Welfare:  38.53 

