-549.93704 -666.158998
START: END 5000, NGRID 5
START BINARY SEARCH
TIME: 25.03522587219874 mins
START BINARY SEARCH
TIME: 29.971161965529124 mins
START BINARY SEARCH
TIME: 30.11567874352137 mins
START BINARY SEARCH
TIME: 30.038645553588868 mins
START BINARY SEARCH
TIME: 29.61888688802719 mins
START BINARY SEARCH
TIME: 29.840754620234172 mins
START BINARY SEARCH
TIME: 29.771458490689596 mins
START BINARY SEARCH
TIME: 29.149187688032786 mins
START BINARY SEARCH
TIME: 29.817020209630332 mins
START BINARY SEARCH
TIME: 29.47780125538508 mins
START BINARY SEARCH
TIME: 29.710584366321562 mins
TIME: 323.46418457428615 mins
Cutoffs:  [0, 10, 20, 50, 100, 200] Price:  [0.0, 2682.0, 2429.0, 2429.0, 2074.0, 2074.0, 2091.0, 2091.0, 2113.0, 2113.0] Comp:  [  0.  24.  24.  46.  41. 102. 105. 207. 211. 423.] Profit:  7.5151
Total Revenue:  36.48 Total Cost:  16.29 Total Profit:  20.19
Consumer Welfare:  10.71 Social Welfare:  30.89 

