-549.93704 -666.158998
START: END 4000, NGRID 5
START BINARY SEARCH
TIME: 25.250180900096893 mins
START BINARY SEARCH
TIME: 30.205950729052226 mins
START BINARY SEARCH
TIME: 30.601282942295075 mins
START BINARY SEARCH
TIME: 30.366776696840923 mins
START BINARY SEARCH
TIME: 30.67493843237559 mins
START BINARY SEARCH
TIME: 29.10120024681091 mins
START BINARY SEARCH
TIME: 29.95699027379354 mins
START BINARY SEARCH
TIME: 29.83856271505356 mins
START BINARY SEARCH
TIME: 28.96349182923635 mins
START BINARY SEARCH
TIME: 29.68430155913035 mins
TIME: 295.5263344526291 mins
Cutoffs:  [0, 10, 20, 50, 100, 200] Price:  [0.0, 2682.0, 2477.0, 2477.0, 2133.0, 2133.0, 2125.0, 2125.0, 2133.0, 2133.0] Comp:  [  0.  24.  25.  47.  43. 105. 106. 210. 213. 427.] Profit:  7.518
Total Revenue:  36.16 Total Cost:  15.97 Total Profit:  20.19
Consumer Welfare:  10.2 Social Welfare:  30.39 

