-549.93704 -666.158998
START: END 3000, NGRID 5
START BINARY SEARCH
TIME: 25.62881940205892 mins
START BINARY SEARCH
TIME: 19.47219085295995 mins
START BINARY SEARCH
TIME: 30.48045457204183 mins
START BINARY SEARCH
TIME: 30.560229194164275 mins
START BINARY SEARCH
TIME: 30.57306590080261 mins
START BINARY SEARCH
TIME: 30.20031935373942 mins
START BINARY SEARCH
TIME: 29.76812653541565 mins
START BINARY SEARCH
TIME: 29.55578393936157 mins
START BINARY SEARCH
TIME: 29.908277781804404 mins
START BINARY SEARCH
TIME: 29.924530760447183 mins
TIME: 286.9123184680939 mins
Cutoffs:  [0, 10, 20, 50, 100, 200] Price:  [0.0, 2682.0, 2481.0, 2481.0, 2074.0, 2074.0, 2092.0, 2092.0, 2114.0, 2114.0] Comp:  [  0.  24.  25.  47.  41. 102. 105. 207. 211. 423.] Profit:  7.5144
Total Revenue:  36.4 Total Cost:  16.22 Total Profit:  20.18
Consumer Welfare:  10.55 Social Welfare:  30.74 

