-549.93704 -666.158998
START: END 5000, NGRID 5
START BINARY SEARCH
TIME: 26.173162841796874 mins
START BINARY SEARCH
TIME: 30.280357897281647 mins
START BINARY SEARCH
TIME: 30.174355562527975 mins
START BINARY SEARCH
TIME: 30.723403592904408 mins
START BINARY SEARCH
TIME: 30.21917406320572 mins
START BINARY SEARCH
TIME: 29.920572638511658 mins
START BINARY SEARCH
TIME: 30.063893592357637 mins
START BINARY SEARCH
TIME: 29.95124747753143 mins
START BINARY SEARCH
TIME: 29.38656017780304 mins
START BINARY SEARCH
TIME: 30.031738909085593 mins
START BINARY SEARCH
TIME: 29.897950939337413 mins
TIME: 327.7386009613673 mins
Cutoffs:  [0, 10, 20, 50, 100, 200] Price:  [0.0, 3080.0, 2494.0, 2494.0, 2133.0, 2133.0, 2135.0, 2135.0, 2140.0, 2140.0] Comp:  [  0.  28.  25.  47.  43. 104. 107. 211. 214. 428.] Profit:  5.8766
Total Revenue:  32.83 Total Cost:  17.04 Total Profit:  15.78
Consumer Welfare:  8.7 Social Welfare:  24.48 

