-549.93704 -666.158998
START: END 4000, NGRID 5
START BINARY SEARCH
TIME: 25.00251177151998 mins
START BINARY SEARCH
TIME: 30.035242541631064 mins
START BINARY SEARCH
TIME: 29.55963530540466 mins
START BINARY SEARCH
TIME: 29.708894789218903 mins
START BINARY SEARCH
TIME: 29.63851270278295 mins
START BINARY SEARCH
TIME: 29.31998855670293 mins
START BINARY SEARCH
TIME: 29.30148157676061 mins
START BINARY SEARCH
TIME: 28.2130831917127 mins
START BINARY SEARCH
TIME: 29.55766872962316 mins
START BINARY SEARCH
TIME: 29.44312926530838 mins
TIME: 290.57936856746676 mins
Cutoffs:  [0, 10, 20, 50, 100, 200] Price:  [0.0, 3080.0, 2494.0, 2494.0, 2133.0, 2133.0, 2125.0, 2125.0, 2133.0, 2133.0] Comp:  [  0.  28.  25.  47.  43. 105. 106. 210. 213. 427.] Profit:  5.8735
Total Revenue:  32.83 Total Cost:  17.05 Total Profit:  15.78
Consumer Welfare:  8.72 Social Welfare:  24.5 

