-549.93704 -666.158998
START: END 3000, NGRID 5
START BINARY SEARCH
TIME: 25.84802887439728 mins
START BINARY SEARCH
TIME: 19.374468362331392 mins
START BINARY SEARCH
TIME: 19.362943653265635 mins
START BINARY SEARCH
TIME: 19.69537980556488 mins
START BINARY SEARCH
TIME: 19.451329024632773 mins
START BINARY SEARCH
TIME: 19.70189501841863 mins
START BINARY SEARCH
TIME: 19.833791863918304 mins
START BINARY SEARCH
TIME: 29.37487455209096 mins
START BINARY SEARCH
TIME: 29.813073019186657 mins
START BINARY SEARCH
TIME: 29.750966596603394 mins
TIME: 232.83468180497488 mins
Cutoffs:  [0, 10, 20, 50, 100, 200] Price:  [0.0, 2988.0, 2495.0, 2495.0, 2133.0, 2133.0, 2130.0, 2130.0, 2136.0, 2136.0] Comp:  [  0.  27.  25.  47.  43. 105. 106. 211. 214. 427.] Profit:  5.866
Total Revenue:  33.72 Total Cost:  17.96 Total Profit:  15.76
Consumer Welfare:  8.98 Social Welfare:  24.73 

