-549.93704 -666.158998
START: END 7000, NGRID 5
START BINARY SEARCH
TIME: 27.07496827840805 mins
START BINARY SEARCH
TIME: 44.347423541545865 mins
START BINARY SEARCH
TIME: 31.560117626190184 mins
START BINARY SEARCH
TIME: 31.313620579242706 mins
START BINARY SEARCH
TIME: 32.24179041783015 mins
START BINARY SEARCH
TIME: 32.292826600869496 mins
START BINARY SEARCH
TIME: 32.52562760909398 mins
START BINARY SEARCH
TIME: 32.15132734378179 mins
START BINARY SEARCH
TIME: 31.618780112266542 mins
START BINARY SEARCH
TIME: 32.47682957649231 mins
START BINARY SEARCH
TIME: 32.21528172492981 mins
TIME: 360.70575703779855 mins
Cutoffs:  [0, 10, 20, 50, 100, 200] Price:  [0.0, 3080.0, 2493.0, 2493.0, 2133.0, 2133.0, 2129.0, 2129.0, 2136.0, 2136.0] Comp:  [  0.  28.  25.  47.  43. 105. 106. 211. 214. 427.] Profit:  5.8739
Total Revenue:  32.83 Total Cost:  17.05 Total Profit:  15.78
Consumer Welfare:  8.71 Social Welfare:  24.49 

