-549.93704 -666.158998
START: END 6000, NGRID 5
START BINARY SEARCH
TIME: 27.267806057135264 mins
START BINARY SEARCH
TIME: 31.909838223457335 mins
START BINARY SEARCH
TIME: 31.883568906784056 mins
START BINARY SEARCH
TIME: 31.653661517302194 mins
START BINARY SEARCH
TIME: 31.854042085011802 mins
START BINARY SEARCH
TIME: 31.438771291573843 mins
START BINARY SEARCH
TIME: 31.95512755314509 mins
START BINARY SEARCH
TIME: 31.953835372130076 mins
START BINARY SEARCH
TIME: 31.48282790184021 mins
START BINARY SEARCH
TIME: 32.069098897775014 mins
START BINARY SEARCH
TIME: 31.70431382258733 mins
TIME: 346.0527586976687 mins
Cutoffs:  [0, 10, 20, 50, 100, 200] Price:  [0.0, 3079.0, 2495.0, 2495.0, 2133.0, 2133.0, 2130.0, 2130.0, 2136.0, 2136.0] Comp:  [  0.  28.  25.  47.  43. 105. 106. 211. 214. 427.] Profit:  5.8745
Total Revenue:  32.83 Total Cost:  17.05 Total Profit:  15.78
Consumer Welfare:  8.71 Social Welfare:  24.49 

