-549.93704 -666.158998
START: END 3000, NGRID 5
START BINARY SEARCH
TIME: 24.933382896582284 mins
START BINARY SEARCH
TIME: 12.413954067230225 mins
START BINARY SEARCH
TIME: 19.173782153924307 mins
START BINARY SEARCH
TIME: 19.534338307380676 mins
START BINARY SEARCH
TIME: 19.444014978408813 mins
START BINARY SEARCH
TIME: 19.425071295102438 mins
START BINARY SEARCH
TIME: 19.511543186505637 mins
START BINARY SEARCH
TIME: 20.398684513568877 mins
START BINARY SEARCH
TIME: 20.571724784374236 mins
START BINARY SEARCH
TIME: 20.552522087097167 mins
TIME: 196.4998373389244 mins
Cutoffs:  [0, 10, 20, 50, 100, 200] Price:  [0.0, 3000.0, 2607.0, 2607.0, 2133.0, 2133.0, 2130.0, 2130.0, 2136.0, 2136.0] Comp:  [  0.  27.  26.  50.  43. 105. 106. 211. 214. 427.] Profit:  4.418
Total Revenue:  33.27 Total Cost:  21.4 Total Profit:  11.87
Consumer Welfare:  8.64 Social Welfare:  20.5 

