-549.93704 -666.158998
START: END 5000, NGRID 5
START BINARY SEARCH
TIME: 25.94883975982666 mins
START BINARY SEARCH
TIME: 20.09287658135096 mins
START BINARY SEARCH
TIME: 30.835298919677733 mins
START BINARY SEARCH
TIME: 30.864596676826476 mins
START BINARY SEARCH
TIME: 31.30210868517558 mins
START BINARY SEARCH
TIME: 29.555356125036877 mins
START BINARY SEARCH
TIME: 28.861114235719047 mins
START BINARY SEARCH
TIME: 29.07658286889394 mins
START BINARY SEARCH
TIME: 29.340108346939086 mins
START BINARY SEARCH
TIME: 28.42506016890208 mins
START BINARY SEARCH
TIME: 29.541193580627443 mins
TIME: 314.7687651872635 mins
Cutoffs:  [0, 10, 20, 50, 100, 200] Price:  [0.0, 4136.0, 2494.0, 2494.0, 2190.0, 2190.0, 2141.0, 2141.0, 2144.0, 2144.0] Comp:  [  0.  37.  25.  47.  44. 107. 107. 212. 214. 429.] Profit:  4.981
Total Revenue:  27.15 Total Cost:  13.77 Total Profit:  13.38
Consumer Welfare:  7.46 Social Welfare:  20.84 

