-549.93704 -666.158998
START: END 9000, NGRID 5
START BINARY SEARCH
TIME: 27.167029496033987 mins
START BINARY SEARCH
TIME: 32.127521109581 mins
START BINARY SEARCH
TIME: 31.6165051817894 mins
START BINARY SEARCH
TIME: 30.754352486133577 mins
START BINARY SEARCH
TIME: 31.40156606435776 mins
START BINARY SEARCH
TIME: 31.1843443552653 mins
START BINARY SEARCH
TIME: 30.873709189891816 mins
START BINARY SEARCH
TIME: 31.15140732526779 mins
START BINARY SEARCH
TIME: 31.125374682744344 mins
START BINARY SEARCH
TIME: 31.409922941525778 mins
START BINARY SEARCH
TIME: 30.892831627527872 mins
START BINARY SEARCH
TIME: 31.66203709046046 mins
TIME: 372.2704276283582 mins
Cutoffs:  [0, 10, 20, 50, 100, 200] Price:  [0.0, 4525.0, 2495.0, 2495.0, 2146.0, 2146.0, 2141.0, 2141.0, 2143.0, 2143.0] Comp:  [  0.  41.  25.  47.  43. 105. 107. 212. 214. 429.] Profit:  4.9759
Total Revenue:  26.84 Total Cost:  13.47 Total Profit:  13.37
Consumer Welfare:  7.59 Social Welfare:  20.96 

