-549.93704 -666.158998
START: END 8000, NGRID 5
START BINARY SEARCH
TIME: 27.667722709973653 mins
START BINARY SEARCH
TIME: 31.459529717763264 mins
START BINARY SEARCH
TIME: 29.940487730503083 mins
START BINARY SEARCH
TIME: 31.901565829912823 mins
START BINARY SEARCH
TIME: 32.13299632072449 mins
START BINARY SEARCH
TIME: 31.067443482081096 mins
START BINARY SEARCH
TIME: 31.799258617560067 mins
START BINARY SEARCH
TIME: 31.75255991220474 mins
START BINARY SEARCH
TIME: 31.440449408690135 mins
START BINARY SEARCH
TIME: 30.638728606700898 mins
START BINARY SEARCH
TIME: 31.98350220521291 mins
TIME: 342.6414139231046 mins
Cutoffs:  [0, 10, 20, 50, 100, 200] Price:  [0.0, 4525.0, 2475.0, 2475.0, 2189.0, 2189.0, 2141.0, 2141.0, 2143.0, 2143.0] Comp:  [  0.  41.  25.  47.  44. 107. 107. 212. 214. 429.] Profit:  4.9787
Total Revenue:  26.8 Total Cost:  13.43 Total Profit:  13.37
Consumer Welfare:  7.49 Social Welfare:  20.86 

