-549.93704 -666.158998
START: END 7000, NGRID 5
START BINARY SEARCH
TIME: 27.504120031992596 mins
START BINARY SEARCH
TIME: 44.60521231094996 mins
START BINARY SEARCH
TIME: 32.10937172969182 mins
START BINARY SEARCH
TIME: 32.239082380135855 mins
START BINARY SEARCH
TIME: 32.21373838583629 mins
START BINARY SEARCH
TIME: 32.30944643417994 mins
START BINARY SEARCH
TIME: 32.30218213001887 mins
START BINARY SEARCH
TIME: 31.859618071715037 mins
START BINARY SEARCH
TIME: 30.532359500726063 mins
START BINARY SEARCH
TIME: 32.04141658941905 mins
START BINARY SEARCH
TIME: 32.801324450969695 mins
TIME: 361.45451040267943 mins
Cutoffs:  [0, 10, 20, 50, 100, 200] Price:  [0.0, 4525.0, 2475.0, 2475.0, 2133.0, 2133.0, 2129.0, 2129.0, 2136.0, 2136.0] Comp:  [  0.  41.  25.  47.  43. 105. 106. 211. 214. 427.] Profit:  4.9765
Total Revenue:  27.05 Total Cost:  13.68 Total Profit:  13.37
Consumer Welfare:  7.76 Social Welfare:  21.13 

