-549.93704 -666.158998
START: END 4000, NGRID 5
START BINARY SEARCH
TIME: 25.603681687513987 mins
START BINARY SEARCH
TIME: 19.912216246128082 mins
START BINARY SEARCH
TIME: 20.057191530863445 mins
START BINARY SEARCH
TIME: 19.990819036960602 mins
START BINARY SEARCH
TIME: 19.945258466402688 mins
START BINARY SEARCH
TIME: 20.08548461198807 mins
START BINARY SEARCH
TIME: 20.197292145093282 mins
START BINARY SEARCH
TIME: 19.742718605200448 mins
START BINARY SEARCH
TIME: 19.79094315767288 mins
START BINARY SEARCH
TIME: 19.492746118704478 mins
TIME: 205.37092334826787 mins
Cutoffs:  [0, 10, 20, 50, 100, 200] Price:  [0.0, 4000.0, 2494.0, 2494.0, 2189.0, 2189.0, 2141.0, 2141.0, 2143.0, 2143.0] Comp:  [  0.  36.  25.  47.  44. 107. 107. 212. 214. 429.] Profit:  4.9716
Total Revenue:  27.45 Total Cost:  14.09 Total Profit:  13.35
Consumer Welfare:  7.5 Social Welfare:  20.85 

