-549.93704 -666.158998
START: END 6000, NGRID 5
START BINARY SEARCH
TIME: 27.14753740231196 mins
START BINARY SEARCH
TIME: 31.35282565355301 mins
START BINARY SEARCH
TIME: 31.47549626429876 mins
START BINARY SEARCH
TIME: 31.248588593800864 mins
START BINARY SEARCH
TIME: 31.2099108338356 mins
START BINARY SEARCH
TIME: 31.553029568990073 mins
START BINARY SEARCH
TIME: 31.443021603425343 mins
START BINARY SEARCH
TIME: 30.819310855865478 mins
START BINARY SEARCH
TIME: 31.548337733745576 mins
START BINARY SEARCH
TIME: 31.433867752552032 mins
START BINARY SEARCH
TIME: 31.055786275863646 mins
TIME: 341.1223903417587 mins
Cutoffs:  [0, 10, 20, 50, 100, 200] Price:  [0.0, 4525.0, 2484.0, 2484.0, 2133.0, 2133.0, 2130.0, 2130.0, 2136.0, 2136.0] Comp:  [  0.  41.  25.  47.  43. 105. 106. 211. 214. 427.] Profit:  4.9763
Total Revenue:  26.99 Total Cost:  13.62 Total Profit:  13.37
Consumer Welfare:  7.73 Social Welfare:  21.09 

