-549.93704 -666.158998
START: END 9000, NGRID 5
START BINARY SEARCH
TIME: 24.39203256368637 mins
START BINARY SEARCH
TIME: 29.35180338223775 mins
START BINARY SEARCH
TIME: 29.60229207674662 mins
START BINARY SEARCH
TIME: 27.862855184078217 mins
START BINARY SEARCH
TIME: 29.22404121955236 mins
START BINARY SEARCH
TIME: 29.088442488511404 mins
START BINARY SEARCH
TIME: 29.47384372552236 mins
START BINARY SEARCH
TIME: 28.502527439594267 mins
START BINARY SEARCH
TIME: 29.276520228385927 mins
START BINARY SEARCH
TIME: 29.136355817317963 mins
START BINARY SEARCH
TIME: 29.096097989877066 mins
START BINARY SEARCH
TIME: 28.76491148074468 mins
TIME: 344.6578941345215 mins
Cutoffs:  [0, 10, 20, 50, 100, 200] Price:  [0.0, 5509.0, 2605.0, 2605.0, 2238.0, 2238.0, 2164.0, 2164.0, 2146.0, 2146.0] Comp:  [  0.  50.  26.  49.  45. 110. 108. 214. 215. 429.] Profit:  4.4009
Total Revenue:  25.4 Total Cost:  13.58 Total Profit:  11.82
Consumer Welfare:  6.74 Social Welfare:  18.56 

