-549.93704 -666.158998
START: END 4000, NGRID 5
START BINARY SEARCH
TIME: 25.407212471961977 mins
START BINARY SEARCH
TIME: 19.581443707148235 mins
START BINARY SEARCH
TIME: 19.856439753373465 mins
START BINARY SEARCH
TIME: 19.707052290439606 mins
START BINARY SEARCH
TIME: 19.877012523015342 mins
START BINARY SEARCH
TIME: 19.758119356632232 mins
START BINARY SEARCH
TIME: 19.940148079395293 mins
START BINARY SEARCH
TIME: 19.231148719787598 mins
START BINARY SEARCH
TIME: 18.982416502634685 mins
START BINARY SEARCH
TIME: 19.345953849951425 mins
TIME: 202.2202943086624 mins
Cutoffs:  [0, 10, 20, 50, 100, 200] Price:  [0.0, 4000.0, 2617.0, 2617.0, 2238.0, 2238.0, 2141.0, 2141.0, 2143.0, 2143.0] Comp:  [  0.  36.  26.  50.  45. 110. 107. 212. 214. 429.] Profit:  4.2963
Total Revenue:  26.44 Total Cost:  14.9 Total Profit:  11.54
Consumer Welfare:  6.87 Social Welfare:  18.41 

