-549.93704 -666.158998
START: END 8000, NGRID 5
START BINARY SEARCH
TIME: 27.693502879142763 mins
START BINARY SEARCH
TIME: 43.52369778553645 mins
START BINARY SEARCH
TIME: 32.14881953795751 mins
START BINARY SEARCH
TIME: 31.09728011290232 mins
START BINARY SEARCH
TIME: 31.65031458934148 mins
START BINARY SEARCH
TIME: 31.60511833826701 mins
START BINARY SEARCH
TIME: 31.4926483074824 mins
START BINARY SEARCH
TIME: 31.60762015183767 mins
START BINARY SEARCH
TIME: 31.202619775136313 mins
START BINARY SEARCH
TIME: 30.893606090545653 mins
START BINARY SEARCH
TIME: 31.38456657330195 mins
TIME: 355.18314578930534 mins
Cutoffs:  [0, 10, 20, 50, 100, 200] Price:  [0.0, 5508.0, 2617.0, 2617.0, 2238.0, 2238.0, 2141.0, 2141.0, 2143.0, 2143.0] Comp:  [  0.  50.  26.  50.  45. 110. 107. 212. 214. 429.] Profit:  4.4015
Total Revenue:  25.34 Total Cost:  13.52 Total Profit:  11.82
Consumer Welfare:  6.75 Social Welfare:  18.57 

