-549.93704 -666.158998
START: END 7000, NGRID 5
START BINARY SEARCH
TIME: 24.512672634919486 mins
START BINARY SEARCH
TIME: 40.12117336591085 mins
START BINARY SEARCH
TIME: 28.754603962103527 mins
START BINARY SEARCH
TIME: 28.897751355171202 mins
START BINARY SEARCH
TIME: 27.875341550509134 mins
START BINARY SEARCH
TIME: 28.54549471139908 mins
START BINARY SEARCH
TIME: 27.25370661020279 mins
START BINARY SEARCH
TIME: 28.039303203423817 mins
START BINARY SEARCH
TIME: 26.847470211982728 mins
START BINARY SEARCH
TIME: 27.7578923424085 mins
START BINARY SEARCH
TIME: 27.628257421652474 mins
TIME: 317.10829710563024 mins
Cutoffs:  [0, 10, 20, 50, 100, 200] Price:  [0.0, 6453.0, 2604.0, 2604.0, 2218.0, 2218.0, 2160.0, 2160.0, 2146.0, 2146.0] Comp:  [  0.  58.  26.  49.  44. 109. 108. 214. 215. 429.] Profit:  4.402
Total Revenue:  25.47 Total Cost:  13.65 Total Profit:  11.82
Consumer Welfare:  6.83 Social Welfare:  18.65 

