-549.93704 -666.158998
START: END 3000, NGRID 5
START BINARY SEARCH
TIME: 27.16295435031255 mins
START BINARY SEARCH
TIME: 12.632188431421916 mins
START BINARY SEARCH
TIME: 19.459661169846854 mins
START BINARY SEARCH
TIME: 19.88491563399633 mins
START BINARY SEARCH
TIME: 19.888669264316558 mins
START BINARY SEARCH
TIME: 19.601834098498028 mins
START BINARY SEARCH
TIME: 19.470053458213805 mins
START BINARY SEARCH
TIME: 18.856205089886984 mins
START BINARY SEARCH
TIME: 19.259053301811218 mins
START BINARY SEARCH
TIME: 19.077899324893952 mins
TIME: 195.79033513466518 mins
Cutoffs:  [0, 10, 20, 50, 100, 200] Price:  [0.0, 3000.0, 2791.0, 2791.0, 2237.0, 2237.0, 2159.0, 2159.0, 2146.0, 2146.0] Comp:  [  0.  27.  28.  53.  45. 110. 108. 214. 215. 429.] Profit:  3.006
Total Revenue:  32.1 Total Cost:  24.02 Total Profit:  8.07
Consumer Welfare:  7.69 Social Welfare:  15.77 

