-549.93704 -666.158998
START: END 6000, NGRID 5
START BINARY SEARCH
TIME: 30.092383722464245 mins
START BINARY SEARCH
TIME: 22.882127702236176 mins
START BINARY SEARCH
TIME: 35.111043417453764 mins
START BINARY SEARCH
TIME: 34.41639663775762 mins
START BINARY SEARCH
TIME: 32.05205011367798 mins
START BINARY SEARCH
TIME: 32.74332455794016 mins
START BINARY SEARCH
TIME: 32.26099485953649 mins
START BINARY SEARCH
TIME: 33.006676073869066 mins
START BINARY SEARCH
TIME: 32.509419453144076 mins
START BINARY SEARCH
TIME: 32.343700071175896 mins
START BINARY SEARCH
TIME: 31.923475297292075 mins
TIME: 350.22031653722127 mins
Cutoffs:  [0, 10, 20, 50, 100, 200] Price:  [0.0, 5584.0, 2604.0, 2604.0, 2237.0, 2237.0, 2159.0, 2159.0, 2146.0, 2146.0] Comp:  [  0.  50.  26.  49.  45. 110. 108. 214. 215. 429.] Profit:  4.4016
Total Revenue:  25.41 Total Cost:  13.59 Total Profit:  11.82
Consumer Welfare:  6.76 Social Welfare:  18.58 

