-549.93704 -666.158998
START: END 5000, NGRID 5
START BINARY SEARCH
TIME: 25.722537855307262 mins
START BINARY SEARCH
TIME: 20.076272213459013 mins
START BINARY SEARCH
TIME: 20.15033301115036 mins
START BINARY SEARCH
TIME: 20.034141127268473 mins
START BINARY SEARCH
TIME: 20.086435715357464 mins
START BINARY SEARCH
TIME: 20.163667953014375 mins
START BINARY SEARCH
TIME: 20.031693478425343 mins
START BINARY SEARCH
TIME: 30.071664456526438 mins
START BINARY SEARCH
TIME: 30.624134528636933 mins
START BINARY SEARCH
TIME: 30.23837939898173 mins
START BINARY SEARCH
TIME: 29.40951741139094 mins
TIME: 267.3184779405594 mins
Cutoffs:  [0, 10, 20, 50, 100, 200] Price:  [0.0, 4983.0, 2605.0, 2605.0, 2238.0, 2238.0, 2141.0, 2141.0, 2144.0, 2144.0] Comp:  [  0.  45.  26.  49.  45. 110. 107. 212. 214. 429.] Profit:  4.3997
Total Revenue:  25.52 Total Cost:  13.7 Total Profit:  11.82
Consumer Welfare:  6.8 Social Welfare:  18.62 

