-549.93704 -666.158998
START: END 8000, NGRID 5
START BINARY SEARCH
TIME: 23.401604147752128 mins
START BINARY SEARCH
TIME: 41.183450822035475 mins
START BINARY SEARCH
TIME: 28.18728872934977 mins
START BINARY SEARCH
TIME: 28.22751340866089 mins
START BINARY SEARCH
TIME: 27.554539529482522 mins
START BINARY SEARCH
TIME: 26.570029362042746 mins
START BINARY SEARCH
TIME: 26.023353540897368 mins
START BINARY SEARCH
TIME: 26.220043675104776 mins
START BINARY SEARCH
TIME: 26.12103556394577 mins
START BINARY SEARCH
TIME: 26.181589778264364 mins
START BINARY SEARCH
TIME: 26.09324623743693 mins
TIME: 306.5996002078056 mins
Cutoffs:  [0, 10, 20, 50, 100, 200] Price:  [0.0, 7506.0, 2791.0, 2791.0, 2238.0, 2238.0, 2141.0, 2141.0, 2143.0, 2143.0] Comp:  [  0.  68.  28.  53.  45. 110. 107. 212. 214. 429.] Profit:  3.8999
Total Revenue:  24.13 Total Cost:  13.66 Total Profit:  10.48
Consumer Welfare:  6.25 Social Welfare:  16.72 

