-549.93704 -666.158998
START: END 7000, NGRID 5
START BINARY SEARCH
TIME: 28.175511674086252 mins
START BINARY SEARCH
TIME: 28.436708112557728 mins
START BINARY SEARCH
TIME: 32.32189358870188 mins
START BINARY SEARCH
TIME: 32.09997902313868 mins
START BINARY SEARCH
TIME: 32.011279145876564 mins
START BINARY SEARCH
TIME: 32.09317810535431 mins
START BINARY SEARCH
TIME: 32.07049669424693 mins
START BINARY SEARCH
TIME: 31.35624302625656 mins
START BINARY SEARCH
TIME: 31.697339272499086 mins
START BINARY SEARCH
TIME: 31.622229488690696 mins
START BINARY SEARCH
TIME: 31.69912128051122 mins
TIME: 344.4731005350749 mins
Cutoffs:  [0, 10, 20, 50, 100, 200] Price:  [0.0, 6453.0, 2787.0, 2787.0, 2237.0, 2237.0, 2160.0, 2160.0, 2146.0, 2146.0] Comp:  [  0.  58.  28.  53.  45. 110. 108. 214. 215. 429.] Profit:  3.9004
Total Revenue:  24.14 Total Cost:  13.66 Total Profit:  10.48
Consumer Welfare:  6.22 Social Welfare:  16.7 

