-549.93704 -666.158998
START: END 4000, NGRID 5
START BINARY SEARCH
TIME: 27.383295611540476 mins
START BINARY SEARCH
TIME: 19.460721878210702 mins
START BINARY SEARCH
TIME: 19.651159954071044 mins
START BINARY SEARCH
TIME: 19.658985010782878 mins
START BINARY SEARCH
TIME: 19.686184128125507 mins
START BINARY SEARCH
TIME: 19.601879338423412 mins
START BINARY SEARCH
TIME: 19.678144387404124 mins
START BINARY SEARCH
TIME: 19.25652556816737 mins
START BINARY SEARCH
TIME: 19.228940753142037 mins
START BINARY SEARCH
TIME: 19.345070962111155 mins
TIME: 203.46508949200313 mins
Cutoffs:  [0, 10, 20, 50, 100, 200] Price:  [0.0, 4000.0, 2791.0, 2791.0, 2238.0, 2238.0, 2141.0, 2141.0, 2143.0, 2143.0] Comp:  [  0.  36.  28.  53.  45. 110. 107. 212. 214. 429.] Profit:  3.6843
Total Revenue:  25.31 Total Cost:  15.41 Total Profit:  9.9
Consumer Welfare:  6.37 Social Welfare:  16.27 

