-549.93704 -666.158998
START: END 9000, NGRID 5
START BINARY SEARCH
TIME: 25.33771087328593 mins
START BINARY SEARCH
TIME: 29.70529042085012 mins
START BINARY SEARCH
TIME: 30.24631391366323 mins
START BINARY SEARCH
TIME: 30.28537784020106 mins
START BINARY SEARCH
TIME: 30.379286511739096 mins
START BINARY SEARCH
TIME: 30.157324318091074 mins
START BINARY SEARCH
TIME: 30.327117987473805 mins
START BINARY SEARCH
TIME: 30.271688493092856 mins
START BINARY SEARCH
TIME: 30.0209854165713 mins
START BINARY SEARCH
TIME: 30.371320962905884 mins
START BINARY SEARCH
TIME: 30.41418059269587 mins
START BINARY SEARCH
TIME: 30.45693822701772 mins
TIME: 358.9872408787409 mins
Cutoffs:  [0, 10, 20, 50, 100, 200] Price:  [0.0, 7506.0, 2791.0, 2791.0, 2238.0, 2238.0, 2164.0, 2164.0, 2146.0, 2146.0] Comp:  [  0.  68.  28.  53.  45. 110. 108. 214. 215. 429.] Profit:  3.8999
Total Revenue:  24.1 Total Cost:  13.63 Total Profit:  10.47
Consumer Welfare:  6.2 Social Welfare:  16.68 

