-549.93704 -666.158998
START: END 5000, NGRID 5
START BINARY SEARCH
TIME: 25.30880655447642 mins
START BINARY SEARCH
TIME: 19.769861141840618 mins
START BINARY SEARCH
TIME: 19.87664797703425 mins
START BINARY SEARCH
TIME: 19.842487653096516 mins
START BINARY SEARCH
TIME: 19.8562547882398 mins
START BINARY SEARCH
TIME: 19.862294014294942 mins
START BINARY SEARCH
TIME: 19.62089196443558 mins
START BINARY SEARCH
TIME: 19.464231618245442 mins
START BINARY SEARCH
TIME: 19.423247559865317 mins
START BINARY SEARCH
TIME: 19.60012908776601 mins
START BINARY SEARCH
TIME: 19.41748751004537 mins
TIME: 222.63281677563984 mins
Cutoffs:  [0, 10, 20, 50, 100, 200] Price:  [0.0, 5000.0, 2791.0, 2791.0, 2238.0, 2238.0, 2141.0, 2141.0, 2144.0, 2144.0] Comp:  [  0.  45.  28.  53.  45. 110. 107. 212. 214. 429.] Profit:  3.8902
Total Revenue:  24.26 Total Cost:  13.81 Total Profit:  10.45
Consumer Welfare:  6.26 Social Welfare:  16.71 

