-549.93704 -666.158998
START: END 3000, NGRID 5
START BINARY SEARCH
TIME: 24.52413842280706 mins
START BINARY SEARCH
TIME: 12.126896504561106 mins
START BINARY SEARCH
TIME: 12.486134692033131 mins
START BINARY SEARCH
TIME: 18.782610003153483 mins
START BINARY SEARCH
TIME: 19.15559494495392 mins
START BINARY SEARCH
TIME: 19.28331206639608 mins
START BINARY SEARCH
TIME: 19.21610613266627 mins
START BINARY SEARCH
TIME: 19.169060802459718 mins
START BINARY SEARCH
TIME: 18.45725619395574 mins
START BINARY SEARCH
TIME: 18.72428734699885 mins
TIME: 182.36230139732362 mins
Cutoffs:  [0, 10, 20, 50, 100, 200] Price:  [0.0, 3000.0, 2861.0, 2861.0, 2292.0, 2292.0, 2159.0, 2159.0, 2146.0, 2146.0] Comp:  [  0.  27.  29.  54.  46. 112. 108. 214. 215. 429.] Profit:  1.6255
Total Revenue:  31.48 Total Cost:  27.11 Total Profit:  4.37
Consumer Welfare:  7.33 Social Welfare:  11.69 

