-549.93704 -666.158998
START: END 6000, NGRID 5
START BINARY SEARCH
TIME: 29.919732538859048 mins
START BINARY SEARCH
TIME: 22.89328360557556 mins
START BINARY SEARCH
TIME: 22.92687035004298 mins
START BINARY SEARCH
TIME: 23.155894406636556 mins
START BINARY SEARCH
TIME: 21.686358797550202 mins
START BINARY SEARCH
TIME: 21.46473854780197 mins
START BINARY SEARCH
TIME: 21.58153732617696 mins
START BINARY SEARCH
TIME: 20.819278585910798 mins
START BINARY SEARCH
TIME: 20.94441075325012 mins
START BINARY SEARCH
TIME: 21.039284563064577 mins
START BINARY SEARCH
TIME: 21.262646595637005 mins
TIME: 248.32569849888483 mins
Cutoffs:  [0, 10, 20, 50, 100, 200] Price:  [0.0, 6000.0, 2791.0, 2791.0, 2237.0, 2237.0, 2159.0, 2159.0, 2146.0, 2146.0] Comp:  [  0.  54.  28.  53.  45. 110. 108. 214. 215. 429.] Profit:  3.8995
Total Revenue:  24.12 Total Cost:  13.65 Total Profit:  10.47
Consumer Welfare:  6.22 Social Welfare:  16.69 

