-549.93704 -666.158998
START: END 9000, NGRID 5
START BINARY SEARCH
TIME: 24.81806645790736 mins
START BINARY SEARCH
TIME: 41.11288279692332 mins
START BINARY SEARCH
TIME: 29.82079089085261 mins
START BINARY SEARCH
TIME: 29.686400588353475 mins
START BINARY SEARCH
TIME: 29.78960520029068 mins
START BINARY SEARCH
TIME: 29.714838115374246 mins
START BINARY SEARCH
TIME: 29.67430471976598 mins
START BINARY SEARCH
TIME: 29.741754428545633 mins
START BINARY SEARCH
TIME: 29.749214120705922 mins
START BINARY SEARCH
TIME: 29.737844137350717 mins
START BINARY SEARCH
TIME: 29.802652883529664 mins
START BINARY SEARCH
TIME: 29.630631057421365 mins
TIME: 364.2661347905795 mins
Cutoffs:  [0, 10, 20, 50, 100, 200] Price:  [0.0, 7506.0, 2961.0, 2961.0, 2399.0, 2399.0, 2164.0, 2164.0, 2146.0, 2146.0] Comp:  [  0.  68.  30.  56.  48. 118. 108. 214. 215. 429.] Profit:  3.4634
Total Revenue:  21.98 Total Cost:  12.68 Total Profit:  9.3
Consumer Welfare:  5.2 Social Welfare:  14.5 

