-549.93704 -666.158998
START: END 8000, NGRID 5
START BINARY SEARCH
TIME: 28.450324332714082 mins
START BINARY SEARCH
TIME: 26.60074737469355 mins
START BINARY SEARCH
TIME: 29.506371517976124 mins
START BINARY SEARCH
TIME: 29.688011928399405 mins
START BINARY SEARCH
TIME: 29.632299065589905 mins
START BINARY SEARCH
TIME: 29.76851201057434 mins
START BINARY SEARCH
TIME: 29.75109864473343 mins
START BINARY SEARCH
TIME: 29.4407861272494 mins
START BINARY SEARCH
TIME: 29.537553922335306 mins
START BINARY SEARCH
TIME: 29.708628900845845 mins
START BINARY SEARCH
TIME: 32.26736746231715 mins
TIME: 325.25612515211105 mins
Cutoffs:  [0, 10, 20, 50, 100, 200] Price:  [0.0, 7506.0, 2906.0, 2906.0, 2326.0, 2326.0, 2141.0, 2141.0, 2143.0, 2143.0] Comp:  [  0.  68.  29.  55.  47. 114. 107. 212. 214. 429.] Profit:  3.4636
Total Revenue:  22.81 Total Cost:  13.51 Total Profit:  9.3
Consumer Welfare:  5.63 Social Welfare:  14.93 

