-549.93704 -666.158998
START: END 6000, NGRID 5
START BINARY SEARCH
TIME: 25.17678458293279 mins
START BINARY SEARCH
TIME: 19.307957951227824 mins
START BINARY SEARCH
TIME: 19.37614678144455 mins
START BINARY SEARCH
TIME: 19.409508872032166 mins
START BINARY SEARCH
TIME: 19.219368533293405 mins
START BINARY SEARCH
TIME: 19.023970635732017 mins
START BINARY SEARCH
TIME: 19.213921729723612 mins
START BINARY SEARCH
TIME: 19.18878019650777 mins
START BINARY SEARCH
TIME: 19.204537137349448 mins
START BINARY SEARCH
TIME: 19.4415402173996 mins
START BINARY SEARCH
TIME: 19.314153770605724 mins
TIME: 218.43281993071238 mins
Cutoffs:  [0, 10, 20, 50, 100, 200] Price:  [0.0, 6000.0, 2960.0, 2960.0, 2396.0, 2396.0, 2158.0, 2158.0, 2146.0, 2146.0] Comp:  [  0.  54.  30.  56.  48. 117. 108. 214. 215. 429.] Profit:  3.4624
Total Revenue:  22.01 Total Cost:  12.71 Total Profit:  9.3
Consumer Welfare:  5.23 Social Welfare:  14.53 

