-549.93704 -666.158998
START: END 5000, NGRID 5
START BINARY SEARCH
TIME: 25.330854670206705 mins
START BINARY SEARCH
TIME: 19.215152410666146 mins
START BINARY SEARCH
TIME: 19.54095265070597 mins
START BINARY SEARCH
TIME: 19.292123572031656 mins
START BINARY SEARCH
TIME: 19.266934061050414 mins
START BINARY SEARCH
TIME: 19.38217432896296 mins
START BINARY SEARCH
TIME: 18.998362108071646 mins
START BINARY SEARCH
TIME: 19.40747017065684 mins
START BINARY SEARCH
TIME: 19.26569142738978 mins
START BINARY SEARCH
TIME: 19.38647403717041 mins
START BINARY SEARCH
TIME: 19.32833464940389 mins
TIME: 218.92197231054305 mins
Cutoffs:  [0, 10, 20, 50, 100, 200] Price:  [0.0, 5000.0, 2960.0, 2960.0, 2400.0, 2400.0, 2141.0, 2141.0, 2144.0, 2144.0] Comp:  [  0.  45.  30.  56.  48. 118. 107. 212. 214. 429.] Profit:  3.4441
Total Revenue:  22.15 Total Cost:  12.9 Total Profit:  9.25
Consumer Welfare:  5.26 Social Welfare:  14.51 

