-549.93704 -666.158998
START: END 7000, NGRID 5
START BINARY SEARCH
TIME: 27.770525781313577 mins
START BINARY SEARCH
TIME: 19.68630644877752 mins
START BINARY SEARCH
TIME: 19.45107105175654 mins
START BINARY SEARCH
TIME: 19.325011956691743 mins
START BINARY SEARCH
TIME: 19.505186279614765 mins
START BINARY SEARCH
TIME: 19.14351968765259 mins
START BINARY SEARCH
TIME: 19.413144981861116 mins
START BINARY SEARCH
TIME: 19.33046828111013 mins
START BINARY SEARCH
TIME: 19.47787764867147 mins
START BINARY SEARCH
TIME: 19.340948724746703 mins
START BINARY SEARCH
TIME: 19.42461380561193 mins
TIME: 222.43364741802216 mins
Cutoffs:  [0, 10, 20, 50, 100, 200] Price:  [0.0, 7000.0, 2960.0, 2960.0, 2382.0, 2382.0, 2160.0, 2160.0, 2146.0, 2146.0] Comp:  [  0.  63.  30.  56.  48. 117. 108. 214. 215. 429.] Profit:  3.463
Total Revenue:  22.08 Total Cost:  12.78 Total Profit:  9.3
Consumer Welfare:  5.27 Social Welfare:  14.57 

