-549.93704 -666.158998
START: END 9000, NGRID 5
START BINARY SEARCH
TIME: 30.035608832041422 mins
START BINARY SEARCH
TIME: 31.669865373770396 mins
START BINARY SEARCH
TIME: 32.775367279847465 mins
START BINARY SEARCH
TIME: 32.288668580849965 mins
START BINARY SEARCH
TIME: 32.149556700388594 mins
START BINARY SEARCH
TIME: 31.328081385294595 mins
START BINARY SEARCH
TIME: 31.914486686388653 mins
START BINARY SEARCH
TIME: 31.995838566621146 mins
START BINARY SEARCH
TIME: 30.82036153872808 mins
START BINARY SEARCH
TIME: 32.09875466028849 mins
START BINARY SEARCH
TIME: 31.995177753766377 mins
START BINARY SEARCH
TIME: 32.08151083787282 mins
TIME: 382.16599008639656 mins
Cutoffs:  [0, 10, 20, 50, 100, 200] Price:  [0.0, 2373.0, 2337.0, 2337.0, 2071.0, 2071.0, 2031.0, 2031.0, 2013.0, 2013.0] Comp:  [  0.  21.  23.  44.  41. 101. 102. 201. 201. 403.] Profit:  9.5519
Total Revenue:  37.93 Total Cost:  12.27 Total Profit:  25.66
Consumer Welfare:  12.67 Social Welfare:  38.33 

