-549.93704 -666.158998
START: END 3000, NGRID 5
START BINARY SEARCH
TIME: 25.845019491513572 mins
START BINARY SEARCH
TIME: 30.314010695616403 mins
START BINARY SEARCH
TIME: 29.780945189793904 mins
START BINARY SEARCH
TIME: 30.21314935684204 mins
START BINARY SEARCH
TIME: 29.463311743736266 mins
START BINARY SEARCH
TIME: 30.174282562732696 mins
START BINARY SEARCH
TIME: 29.47765282392502 mins
START BINARY SEARCH
TIME: 30.03957659403483 mins
START BINARY SEARCH
TIME: 30.233354512850443 mins
START BINARY SEARCH
TIME: 30.06491326491038 mins
TIME: 296.44081917603813 mins
Cutoffs:  [0, 10, 20, 50, 100, 200] Price:  [0.0, 2379.0, 2351.0, 2351.0, 2071.0, 2071.0, 2062.0, 2062.0, 2064.0, 2064.0] Comp:  [  0.  21.  24.  45.  41. 101. 103. 204. 206. 413.] Profit:  9.5438
Total Revenue:  37.78 Total Cost:  12.15 Total Profit:  25.63
Consumer Welfare:  12.45 Social Welfare:  38.08 

