-549.93704 -666.158998
START: END 7000, NGRID 5
START BINARY SEARCH
TIME: 25.54576963186264 mins
START BINARY SEARCH
TIME: 29.202520207564035 mins
START BINARY SEARCH
TIME: 30.01522363424301 mins
START BINARY SEARCH
TIME: 29.51994255781174 mins
START BINARY SEARCH
TIME: 30.11153167883555 mins
START BINARY SEARCH
TIME: 29.464664908250175 mins
START BINARY SEARCH
TIME: 29.48021759589513 mins
START BINARY SEARCH
TIME: 29.24909350077311 mins
START BINARY SEARCH
TIME: 29.411012136936186 mins
START BINARY SEARCH
TIME: 29.484771009286245 mins
START BINARY SEARCH
TIME: 29.694934435685475 mins
TIME: 322.10067772865295 mins
Cutoffs:  [0, 10, 20, 50, 100, 200] Price:  [0.0, 2379.0, 2336.0, 2336.0, 2061.0, 2061.0, 2032.0, 2032.0, 1943.0, 1943.0] Comp:  [  0.  21.  23.  44.  41. 101. 102. 201. 194. 389.] Profit:  9.552
Total Revenue:  38.01 Total Cost:  12.35 Total Profit:  25.66
Consumer Welfare:  12.81 Social Welfare:  38.47 

