-549.93704 -666.158998
START: END 5000, NGRID 5
START BINARY SEARCH
TIME: 25.582406071821847 mins
START BINARY SEARCH
TIME: 29.888910794258116 mins
START BINARY SEARCH
TIME: 29.924867359797158 mins
START BINARY SEARCH
TIME: 30.12279506921768 mins
START BINARY SEARCH
TIME: 29.311224834124246 mins
START BINARY SEARCH
TIME: 29.8846910516421 mins
START BINARY SEARCH
TIME: 30.163122618198393 mins
START BINARY SEARCH
TIME: 29.85304545958837 mins
START BINARY SEARCH
TIME: 29.372000833352406 mins
START BINARY SEARCH
TIME: 29.463176492849986 mins
START BINARY SEARCH
TIME: 28.86291582584381 mins
TIME: 323.35840348800025 mins
Cutoffs:  [0, 10, 20, 50, 100, 200] Price:  [0.0, 2373.0, 2379.0, 2379.0, 2070.0, 2070.0, 2031.0, 2031.0, 1945.0, 1945.0] Comp:  [  0.  21.  24.  45.  41. 101. 102. 201. 194. 389.] Profit:  9.5507
Total Revenue:  37.94 Total Cost:  12.28 Total Profit:  25.65
Consumer Welfare:  12.66 Social Welfare:  38.32 

