-549.93704 -666.158998
START: END 6000, NGRID 5
START BINARY SEARCH
TIME: 27.647583150863646 mins
START BINARY SEARCH
TIME: 46.35558813412984 mins
START BINARY SEARCH
TIME: 34.492450416088104 mins
START BINARY SEARCH
TIME: 32.3621731599172 mins
START BINARY SEARCH
TIME: 33.22619009415309 mins
START BINARY SEARCH
TIME: 32.173463161786394 mins
START BINARY SEARCH
TIME: 32.75672562917074 mins
START BINARY SEARCH
TIME: 31.844634540875752 mins
START BINARY SEARCH
TIME: 31.78817329009374 mins
START BINARY SEARCH
TIME: 32.04433093468348 mins
START BINARY SEARCH
TIME: 31.90135031938553 mins
TIME: 367.5583788235982 mins
Cutoffs:  [0, 10, 20, 50, 100, 200] Price:  [0.0, 2379.0, 2351.0, 2351.0, 2071.0, 2071.0, 2062.0, 2062.0, 2064.0, 2064.0] Comp:  [  0.  21.  24.  45.  41. 101. 103. 204. 206. 413.] Profit:  9.5438
Total Revenue:  37.78 Total Cost:  12.15 Total Profit:  25.63
Consumer Welfare:  12.45 Social Welfare:  38.08 

