-549.93704 -666.158998
START: END 8000, NGRID 5
START BINARY SEARCH
TIME: 27.9050416747729 mins
START BINARY SEARCH
TIME: 31.906923286120097 mins
START BINARY SEARCH
TIME: 32.6168415983518 mins
START BINARY SEARCH
TIME: 32.51432046890259 mins
START BINARY SEARCH
TIME: 32.241801194349925 mins
START BINARY SEARCH
TIME: 31.621084109942117 mins
START BINARY SEARCH
TIME: 32.806430606047314 mins
START BINARY SEARCH
TIME: 32.93732908964157 mins
START BINARY SEARCH
TIME: 32.83629193305969 mins
START BINARY SEARCH
TIME: 32.924238999684654 mins
START BINARY SEARCH
TIME: 32.688361656665805 mins
TIME: 353.8801153024038 mins
Cutoffs:  [0, 10, 20, 50, 100, 200] Price:  [0.0, 2379.0, 2383.0, 2383.0, 2070.0, 2070.0, 1939.0, 1939.0, 1977.0, 1977.0] Comp:  [  0.  21.  24.  45.  41. 101.  97. 192. 198. 395.] Profit:  9.5602
Total Revenue:  38.04 Total Cost:  12.36 Total Profit:  25.68
Consumer Welfare:  12.76 Social Welfare:  38.44 

