-549.93704 -666.158998
START: END 4000, NGRID 5
START BINARY SEARCH
TIME: 24.998193120956422 mins
START BINARY SEARCH
TIME: 30.022022120157878 mins
START BINARY SEARCH
TIME: 30.021053624153136 mins
START BINARY SEARCH
TIME: 29.6649009346962 mins
START BINARY SEARCH
TIME: 28.499388221899668 mins
START BINARY SEARCH
TIME: 29.07380555868149 mins
START BINARY SEARCH
TIME: 29.25962260166804 mins
START BINARY SEARCH
TIME: 28.800613435109458 mins
START BINARY SEARCH
TIME: 28.935221421718598 mins
START BINARY SEARCH
TIME: 28.620327548185983 mins
TIME: 288.72305976549785 mins
Cutoffs:  [0, 10, 20, 50, 100, 200] Price:  [0.0, 2379.0, 2383.0, 2383.0, 2070.0, 2070.0, 1939.0, 1939.0, 1977.0, 1977.0] Comp:  [  0.  21.  24.  45.  41. 101.  97. 192. 198. 395.] Profit:  9.5602
Total Revenue:  38.04 Total Cost:  12.36 Total Profit:  25.68
Consumer Welfare:  12.76 Social Welfare:  38.44 

