-549.93704 -666.158998
START: END 8000, NGRID 5
START BINARY SEARCH
TIME: 28.061221345265707 mins
START BINARY SEARCH
TIME: 32.3590195496877 mins
START BINARY SEARCH
TIME: 32.70823055108388 mins
START BINARY SEARCH
TIME: 32.40827298959096 mins
START BINARY SEARCH
TIME: 33.34281408786774 mins
START BINARY SEARCH
TIME: 32.692765069007876 mins
START BINARY SEARCH
TIME: 31.708338765303292 mins
START BINARY SEARCH
TIME: 32.57575465838114 mins
START BINARY SEARCH
TIME: 32.53429761727651 mins
START BINARY SEARCH
TIME: 32.479276907444 mins
START BINARY SEARCH
TIME: 32.71721609433492 mins
TIME: 354.50776903629304 mins
Cutoffs:  [0, 10, 20, 50, 100, 200] Price:  [0.0, 2680.0, 2473.0, 2473.0, 2072.0, 2072.0, 2031.0, 2031.0, 2004.0, 2004.0] Comp:  [  0.  24.  25.  47.  41. 102. 102. 201. 200. 401.] Profit:  7.4837
Total Revenue:  36.5 Total Cost:  16.39 Total Profit:  20.1
Consumer Welfare:  10.73 Social Welfare:  30.83 

