-549.93704 -666.158998
START: END 4000, NGRID 5
START BINARY SEARCH
TIME: 23.829539374510446 mins
START BINARY SEARCH
TIME: 27.373003816604616 mins
START BINARY SEARCH
TIME: 27.91615882317225 mins
START BINARY SEARCH
TIME: 27.559985037644704 mins
START BINARY SEARCH
TIME: 27.041177523136138 mins
START BINARY SEARCH
TIME: 26.681146470705666 mins
START BINARY SEARCH
TIME: 27.17535632054011 mins
START BINARY SEARCH
TIME: 27.03873217900594 mins
START BINARY SEARCH
TIME: 27.026093582312267 mins
START BINARY SEARCH
TIME: 26.87054841121038 mins
TIME: 269.24863591591514 mins
Cutoffs:  [0, 10, 20, 50, 100, 200] Price:  [0.0, 2680.0, 2473.0, 2473.0, 2072.0, 2072.0, 2031.0, 2031.0, 2004.0, 2004.0] Comp:  [  0.  24.  25.  47.  41. 102. 102. 201. 200. 401.] Profit:  7.4837
Total Revenue:  36.5 Total Cost:  16.39 Total Profit:  20.1
Consumer Welfare:  10.73 Social Welfare:  30.83 

