-549.93704 -666.158998
START: END 7000, NGRID 5
START BINARY SEARCH
TIME: 23.86638963619868 mins
START BINARY SEARCH
TIME: 31.83792908191681 mins
START BINARY SEARCH
TIME: 32.84727214972178 mins
START BINARY SEARCH
TIME: 31.445888618628185 mins
START BINARY SEARCH
TIME: 27.5620219151179 mins
START BINARY SEARCH
TIME: 27.791370038191477 mins
START BINARY SEARCH
TIME: 27.155711126327514 mins
START BINARY SEARCH
TIME: 27.7778027176857 mins
START BINARY SEARCH
TIME: 27.61007825533549 mins
START BINARY SEARCH
TIME: 27.22223515510559 mins
START BINARY SEARCH
TIME: 27.6803320646286 mins
TIME: 313.65842748880385 mins
Cutoffs:  [0, 10, 20, 50, 100, 200] Price:  [0.0, 2680.0, 2473.0, 2473.0, 2059.0, 2059.0, 2032.0, 2032.0, 1943.0, 1943.0] Comp:  [  0.  24.  25.  47.  41. 101. 102. 201. 194. 389.] Profit:  7.4852
Total Revenue:  36.61 Total Cost:  16.5 Total Profit:  20.11
Consumer Welfare:  10.89 Social Welfare:  31.0 

