-549.93704 -666.158998
START: END 3000, NGRID 5
START BINARY SEARCH
TIME: 24.02893129984538 mins
START BINARY SEARCH
TIME: 17.542405327161152 mins
START BINARY SEARCH
TIME: 27.92137323220571 mins
START BINARY SEARCH
TIME: 27.938080398241677 mins
START BINARY SEARCH
TIME: 27.847184813022615 mins
START BINARY SEARCH
TIME: 27.143823174635568 mins
START BINARY SEARCH
TIME: 27.7880095799764 mins
START BINARY SEARCH
TIME: 26.43826756079992 mins
START BINARY SEARCH
TIME: 26.391633772850035 mins
START BINARY SEARCH
TIME: 26.142686692873635 mins
TIME: 259.87239818175635 mins
Cutoffs:  [0, 10, 20, 50, 100, 200] Price:  [0.0, 2687.0, 2477.0, 2477.0, 2071.0, 2071.0, 2062.0, 2062.0, 2064.0, 2064.0] Comp:  [  0.  24.  25.  47.  41. 101. 103. 204. 206. 413.] Profit:  7.4817
Total Revenue:  36.35 Total Cost:  16.25 Total Profit:  20.1
Consumer Welfare:  10.53 Social Welfare:  30.62 

