-549.93704 -666.158998
START: END 9000, NGRID 5
START BINARY SEARCH
TIME: 30.214731884002685 mins
START BINARY SEARCH
TIME: 31.730434997876486 mins
START BINARY SEARCH
TIME: 32.53263794978459 mins
START BINARY SEARCH
TIME: 32.84739205042521 mins
START BINARY SEARCH
TIME: 32.235201275348665 mins
START BINARY SEARCH
TIME: 32.34598551193873 mins
START BINARY SEARCH
TIME: 32.40856657822927 mins
START BINARY SEARCH
TIME: 32.344180417060855 mins
START BINARY SEARCH
TIME: 32.1306333899498 mins
START BINARY SEARCH
TIME: 32.333777487277985 mins
START BINARY SEARCH
TIME: 32.295076815287274 mins
START BINARY SEARCH
TIME: 32.343293992678326 mins
TIME: 386.7678904294968 mins
Cutoffs:  [0, 10, 20, 50, 100, 200] Price:  [0.0, 2654.0, 2473.0, 2473.0, 2071.0, 2071.0, 2031.0, 2031.0, 2013.0, 2013.0] Comp:  [  0.  24.  25.  47.  41. 101. 102. 201. 201. 403.] Profit:  7.4852
Total Revenue:  36.66 Total Cost:  16.55 Total Profit:  20.11
Consumer Welfare:  10.83 Social Welfare:  30.94 

