-549.93704 -666.158998
START: END 5000, NGRID 5
START BINARY SEARCH
TIME: 25.300076361497243 mins
START BINARY SEARCH
TIME: 29.49262142976125 mins
START BINARY SEARCH
TIME: 29.514324100812278 mins
START BINARY SEARCH
TIME: 29.715424394607545 mins
START BINARY SEARCH
TIME: 29.40586345990499 mins
START BINARY SEARCH
TIME: 29.66235593557358 mins
START BINARY SEARCH
TIME: 29.11575094064077 mins
START BINARY SEARCH
TIME: 29.301060310999553 mins
START BINARY SEARCH
TIME: 29.358402216434477 mins
START BINARY SEARCH
TIME: 29.34996343056361 mins
START BINARY SEARCH
TIME: 29.033624907334644 mins
TIME: 320.1786675572395 mins
Cutoffs:  [0, 10, 20, 50, 100, 200] Price:  [0.0, 2681.0, 2473.0, 2473.0, 2073.0, 2073.0, 2031.0, 2031.0, 1945.0, 1945.0] Comp:  [  0.  24.  25.  47.  41. 102. 102. 201. 194. 389.] Profit:  7.4872
Total Revenue:  36.56 Total Cost:  16.45 Total Profit:  20.11
Consumer Welfare:  10.82 Social Welfare:  30.93 

