-549.93704 -666.158998
START: END 6000, NGRID 5
START BINARY SEARCH
TIME: 25.389426239331563 mins
START BINARY SEARCH
TIME: 41.66813899676005 mins
START BINARY SEARCH
TIME: 29.67213294506073 mins
START BINARY SEARCH
TIME: 29.293265533447265 mins
START BINARY SEARCH
TIME: 29.697335680325825 mins
START BINARY SEARCH
TIME: 29.817877515157065 mins
START BINARY SEARCH
TIME: 29.198767928282418 mins
START BINARY SEARCH
TIME: 29.856546000639597 mins
START BINARY SEARCH
TIME: 29.67511851787567 mins
START BINARY SEARCH
TIME: 29.73230901559194 mins
START BINARY SEARCH
TIME: 29.215914678573608 mins
TIME: 334.1901208162308 mins
Cutoffs:  [0, 10, 20, 50, 100, 200] Price:  [0.0, 2687.0, 2477.0, 2477.0, 2071.0, 2071.0, 2062.0, 2062.0, 2064.0, 2064.0] Comp:  [  0.  24.  25.  47.  41. 101. 103. 204. 206. 413.] Profit:  7.4817
Total Revenue:  36.35 Total Cost:  16.25 Total Profit:  20.1
Consumer Welfare:  10.53 Social Welfare:  30.62 

