-549.93704 -666.158998
START: END 3000, NGRID 5
START BINARY SEARCH
TIME: 23.93720499277115 mins
START BINARY SEARCH
TIME: 17.105676078796385 mins
START BINARY SEARCH
TIME: 17.684712862968446 mins
START BINARY SEARCH
TIME: 17.432808748881023 mins
START BINARY SEARCH
TIME: 17.650917398929597 mins
START BINARY SEARCH
TIME: 17.583142387866975 mins
START BINARY SEARCH
TIME: 17.72492285966873 mins
START BINARY SEARCH
TIME: 17.68084043264389 mins
START BINARY SEARCH
TIME: 17.68975811402003 mins
START BINARY SEARCH
TIME: 17.533500015735626 mins
TIME: 182.46872076590856 mins
Cutoffs:  [0, 10, 20, 50, 100, 200] Price:  [0.0, 3000.0, 2635.0, 2635.0, 2172.0, 2172.0, 2150.0, 2150.0, 2147.0, 2147.0] Comp:  [  0.  27.  26.  50.  43. 106. 108. 213. 215. 429.] Profit:  5.816
Total Revenue:  32.86 Total Cost:  17.24 Total Profit:  15.62
Consumer Welfare:  8.16 Social Welfare:  23.78 

