-549.93704 -666.158998
START: END 4000, NGRID 5
START BINARY SEARCH
TIME: 23.712404092152912 mins
START BINARY SEARCH
TIME: 26.861132788658143 mins
START BINARY SEARCH
TIME: 27.250291069348652 mins
START BINARY SEARCH
TIME: 27.237463569641115 mins
START BINARY SEARCH
TIME: 27.34347507953644 mins
START BINARY SEARCH
TIME: 27.339393122990927 mins
START BINARY SEARCH
TIME: 27.131781975428265 mins
START BINARY SEARCH
TIME: 26.593168723583222 mins
START BINARY SEARCH
TIME: 26.536006120840707 mins
START BINARY SEARCH
TIME: 26.54227248032888 mins
TIME: 267.2592211604118 mins
Cutoffs:  [0, 10, 20, 50, 100, 200] Price:  [0.0, 3033.0, 2621.0, 2621.0, 2098.0, 2098.0, 2102.0, 2102.0, 2068.0, 2068.0] Comp:  [  0.  27.  26.  50.  42. 103. 105. 208. 207. 414.] Profit:  5.8174
Total Revenue:  32.96 Total Cost:  17.33 Total Profit:  15.63
Consumer Welfare:  8.65 Social Welfare:  24.28 

