-549.93704 -666.158998
START: END 8000, NGRID 5
START BINARY SEARCH
TIME: 27.266070290406546 mins
START BINARY SEARCH
TIME: 31.83244104385376 mins
START BINARY SEARCH
TIME: 31.63771611849467 mins
START BINARY SEARCH
TIME: 32.00612416267395 mins
START BINARY SEARCH
TIME: 32.402945717175804 mins
START BINARY SEARCH
TIME: 32.234516219298044 mins
START BINARY SEARCH
TIME: 32.28343396584193 mins
START BINARY SEARCH
TIME: 31.678747502962747 mins
START BINARY SEARCH
TIME: 31.77360938390096 mins
START BINARY SEARCH
TIME: 31.193561573823292 mins
START BINARY SEARCH
TIME: 31.509759390354155 mins
TIME: 346.6917589465777 mins
Cutoffs:  [0, 10, 20, 50, 100, 200] Price:  [0.0, 3033.0, 2621.0, 2621.0, 2098.0, 2098.0, 2102.0, 2102.0, 2068.0, 2068.0] Comp:  [  0.  27.  26.  50.  42. 103. 105. 208. 207. 414.] Profit:  5.8174
Total Revenue:  32.96 Total Cost:  17.33 Total Profit:  15.63
Consumer Welfare:  8.65 Social Welfare:  24.28 

