-549.93704 -666.158998
START: END 7000, NGRID 5
START BINARY SEARCH
TIME: 23.231018126010895 mins
START BINARY SEARCH
TIME: 38.06774824460347 mins
START BINARY SEARCH
TIME: 27.43354597489039 mins
START BINARY SEARCH
TIME: 27.17973821957906 mins
START BINARY SEARCH
TIME: 27.45446997086207 mins
START BINARY SEARCH
TIME: 27.455608268578846 mins
START BINARY SEARCH
TIME: 27.300476169586183 mins
START BINARY SEARCH
TIME: 27.172151509920756 mins
START BINARY SEARCH
TIME: 27.237278632322948 mins
START BINARY SEARCH
TIME: 27.075136490662892 mins
START BINARY SEARCH
TIME: 26.65158185561498 mins
TIME: 307.07967030207317 mins
Cutoffs:  [0, 10, 20, 50, 100, 200] Price:  [0.0, 3040.0, 2618.0, 2618.0, 2097.0, 2097.0, 2102.0, 2102.0, 2128.0, 2128.0] Comp:  [  0.  27.  26.  50.  42. 103. 105. 208. 213. 426.] Profit:  5.8156
Total Revenue:  32.84 Total Cost:  17.22 Total Profit:  15.62
Consumer Welfare:  8.55 Social Welfare:  24.17 

