-549.93704 -666.158998
START: END 9000, NGRID 5
START BINARY SEARCH
TIME: 28.027211678028106 mins
START BINARY SEARCH
TIME: 33.10238667329153 mins
START BINARY SEARCH
TIME: 32.839474177360536 mins
START BINARY SEARCH
TIME: 33.30326637824376 mins
START BINARY SEARCH
TIME: 32.3819993019104 mins
START BINARY SEARCH
TIME: 32.246776314576465 mins
START BINARY SEARCH
TIME: 32.03220304648082 mins
START BINARY SEARCH
TIME: 32.573395093282066 mins
START BINARY SEARCH
TIME: 31.752038156986238 mins
START BINARY SEARCH
TIME: 31.652104739348093 mins
START BINARY SEARCH
TIME: 32.49526469310125 mins
START BINARY SEARCH
TIME: 32.367066061496736 mins
TIME: 385.7959118485451 mins
Cutoffs:  [0, 10, 20, 50, 100, 200] Price:  [0.0, 3033.0, 2641.0, 2641.0, 2172.0, 2172.0, 2158.0, 2158.0, 2164.0, 2164.0] Comp:  [  0.  27.  26.  50.  43. 106. 108. 214. 216. 433.] Profit:  5.8198
Total Revenue:  32.51 Total Cost:  16.88 Total Profit:  15.63
Consumer Welfare:  8.01 Social Welfare:  23.64 

