-549.93704 -666.158998
START: END 5000, NGRID 5
START BINARY SEARCH
TIME: 25.536199525992075 mins
START BINARY SEARCH
TIME: 29.956071543693543 mins
START BINARY SEARCH
TIME: 29.56231516202291 mins
START BINARY SEARCH
TIME: 29.985670427481335 mins
START BINARY SEARCH
TIME: 29.067046304543812 mins
START BINARY SEARCH
TIME: 29.413232723871868 mins
START BINARY SEARCH
TIME: 29.744415752092998 mins
START BINARY SEARCH
TIME: 28.929070683320365 mins
START BINARY SEARCH
TIME: 29.432933032512665 mins
START BINARY SEARCH
TIME: 29.632522718111673 mins
START BINARY SEARCH
TIME: 29.214649784564973 mins
TIME: 321.3970776677132 mins
Cutoffs:  [0, 10, 20, 50, 100, 200] Price:  [0.0, 3032.0, 2524.0, 2524.0, 2170.0, 2170.0, 2163.0, 2163.0, 2164.0, 2164.0] Comp:  [  0.  27.  25.  48.  43. 106. 108. 214. 216. 433.] Profit:  5.8216
Total Revenue:  32.78 Total Cost:  17.15 Total Profit:  15.64
Consumer Welfare:  8.32 Social Welfare:  23.95 

