-549.93704 -666.158998
START: END 6000, NGRID 5
START BINARY SEARCH
TIME: 25.537732708454133 mins
START BINARY SEARCH
TIME: 29.84300032456716 mins
START BINARY SEARCH
TIME: 30.02114771604538 mins
START BINARY SEARCH
TIME: 29.975303542613982 mins
START BINARY SEARCH
TIME: 29.19866299231847 mins
START BINARY SEARCH
TIME: 29.68760263522466 mins
START BINARY SEARCH
TIME: 29.56994549036026 mins
START BINARY SEARCH
TIME: 29.468087844053905 mins
START BINARY SEARCH
TIME: 29.895155322551727 mins
START BINARY SEARCH
TIME: 29.687136606375375 mins
START BINARY SEARCH
TIME: 29.697393123308817 mins
TIME: 323.50670574506125 mins
Cutoffs:  [0, 10, 20, 50, 100, 200] Price:  [0.0, 3023.0, 2635.0, 2635.0, 2172.0, 2172.0, 2150.0, 2150.0, 2147.0, 2147.0] Comp:  [  0.  27.  26.  50.  43. 106. 108. 213. 215. 429.] Profit:  5.8187
Total Revenue:  32.64 Total Cost:  17.01 Total Profit:  15.63
Consumer Welfare:  8.09 Social Welfare:  23.72 

