-549.93704 -666.158998
START: END 8000, NGRID 5
START BINARY SEARCH
TIME: 27.058484494686127 mins
START BINARY SEARCH
TIME: 33.4370486219724 mins
START BINARY SEARCH
TIME: 32.89546309312185 mins
START BINARY SEARCH
TIME: 33.16580233176549 mins
START BINARY SEARCH
TIME: 32.41570162773132 mins
START BINARY SEARCH
TIME: 31.65876535177231 mins
START BINARY SEARCH
TIME: 31.4297611951828 mins
START BINARY SEARCH
TIME: 31.23604322274526 mins
START BINARY SEARCH
TIME: 31.719683706760406 mins
START BINARY SEARCH
TIME: 31.657214109102885 mins
START BINARY SEARCH
TIME: 30.238123834133148 mins
TIME: 347.79880761702856 mins
Cutoffs:  [0, 10, 20, 50, 100, 200] Price:  [0.0, 4480.0, 2465.0, 2465.0, 2172.0, 2172.0, 2150.0, 2150.0, 2068.0, 2068.0] Comp:  [  0.  40.  25.  47.  43. 106. 108. 213. 207. 414.] Profit:  4.9047
Total Revenue:  26.69 Total Cost:  13.51 Total Profit:  13.17
Consumer Welfare:  7.51 Social Welfare:  20.68 

