-549.93704 -666.158998
START: END 9000, NGRID 5
START BINARY SEARCH
TIME: 28.047719013690948 mins
START BINARY SEARCH
TIME: 32.55508077144623 mins
START BINARY SEARCH
TIME: 32.78514699538549 mins
START BINARY SEARCH
TIME: 33.21184288660685 mins
START BINARY SEARCH
TIME: 32.22060032685598 mins
START BINARY SEARCH
TIME: 32.47906601031621 mins
START BINARY SEARCH
TIME: 32.016708481311795 mins
START BINARY SEARCH
TIME: 32.46370416482289 mins
START BINARY SEARCH
TIME: 32.63818554480871 mins
START BINARY SEARCH
TIME: 32.6638978600502 mins
START BINARY SEARCH
TIME: 32.91588455438614 mins
START BINARY SEARCH
TIME: 32.186072528362274 mins
TIME: 387.2163629571597 mins
Cutoffs:  [0, 10, 20, 50, 100, 200] Price:  [0.0, 4480.0, 2465.0, 2465.0, 2172.0, 2172.0, 2163.0, 2163.0, 2168.0, 2168.0] Comp:  [  0.  40.  25.  47.  43. 106. 108. 214. 217. 434.] Profit:  4.9122
Total Revenue:  26.61 Total Cost:  13.41 Total Profit:  13.19
Consumer Welfare:  7.32 Social Welfare:  20.52 

