-549.93704 -666.158998
START: END 5000, NGRID 5
START BINARY SEARCH
TIME: 23.428894690672557 mins
START BINARY SEARCH
TIME: 16.858845921357474 mins
START BINARY SEARCH
TIME: 26.23851459423701 mins
START BINARY SEARCH
TIME: 26.805569509665172 mins
START BINARY SEARCH
TIME: 26.67047981818517 mins
START BINARY SEARCH
TIME: 26.222807570298514 mins
START BINARY SEARCH
TIME: 26.73545223871867 mins
START BINARY SEARCH
TIME: 26.38977547486623 mins
START BINARY SEARCH
TIME: 26.121734241644543 mins
START BINARY SEARCH
TIME: 26.265992430845895 mins
START BINARY SEARCH
TIME: 25.769670760631563 mins
TIME: 278.2290320158005 mins
Cutoffs:  [0, 10, 20, 50, 100, 200] Price:  [0.0, 4485.0, 2466.0, 2466.0, 2172.0, 2172.0, 2163.0, 2163.0, 2164.0, 2164.0] Comp:  [  0.  40.  25.  47.  43. 106. 108. 214. 216. 433.] Profit:  4.9117
Total Revenue:  26.61 Total Cost:  13.41 Total Profit:  13.19
Consumer Welfare:  7.33 Social Welfare:  20.52 

