-549.93704 -666.158998
START: END 4000, NGRID 5
START BINARY SEARCH
TIME: 23.75564262866974 mins
START BINARY SEARCH
TIME: 17.398238015174865 mins
START BINARY SEARCH
TIME: 17.8531658689181 mins
START BINARY SEARCH
TIME: 17.81343218485514 mins
START BINARY SEARCH
TIME: 17.755484398206075 mins
START BINARY SEARCH
TIME: 17.76894734700521 mins
START BINARY SEARCH
TIME: 17.637786599000297 mins
START BINARY SEARCH
TIME: 17.182830007870994 mins
START BINARY SEARCH
TIME: 17.636229570706686 mins
START BINARY SEARCH
TIME: 17.348783946037294 mins
TIME: 182.5972809632619 mins
Cutoffs:  [0, 10, 20, 50, 100, 200] Price:  [0.0, 4000.0, 2473.0, 2473.0, 2172.0, 2172.0, 2150.0, 2150.0, 2068.0, 2068.0] Comp:  [  0.  36.  25.  47.  43. 106. 108. 213. 207. 414.] Profit:  4.9
Total Revenue:  27.41 Total Cost:  14.25 Total Profit:  13.16
Consumer Welfare:  7.56 Social Welfare:  20.72 

