-549.93704 -666.158998
START: END 6000, NGRID 5
START BINARY SEARCH
TIME: 25.27604639927546 mins
START BINARY SEARCH
TIME: 29.46583697795868 mins
START BINARY SEARCH
TIME: 29.084804459412894 mins
START BINARY SEARCH
TIME: 29.089791476726532 mins
START BINARY SEARCH
TIME: 29.600404198964437 mins
START BINARY SEARCH
TIME: 29.61752699216207 mins
START BINARY SEARCH
TIME: 29.780727608998617 mins
START BINARY SEARCH
TIME: 29.058163464069366 mins
START BINARY SEARCH
TIME: 29.817745264371236 mins
START BINARY SEARCH
TIME: 29.36647087732951 mins
START BINARY SEARCH
TIME: 29.10084086259206 mins
TIME: 320.17669956684114 mins
Cutoffs:  [0, 10, 20, 50, 100, 200] Price:  [0.0, 4484.0, 2473.0, 2473.0, 2172.0, 2172.0, 2162.0, 2162.0, 2167.0, 2167.0] Comp:  [  0.  40.  25.  47.  43. 106. 108. 214. 217. 433.] Profit:  4.9111
Total Revenue:  26.56 Total Cost:  13.37 Total Profit:  13.19
Consumer Welfare:  7.3 Social Welfare:  20.49 

