-549.93704 -666.158998
START: END 7000, NGRID 5
START BINARY SEARCH
TIME: 23.321997221310934 mins
START BINARY SEARCH
TIME: 38.248523743947345 mins
START BINARY SEARCH
TIME: 27.218407849470776 mins
START BINARY SEARCH
TIME: 27.40565204222997 mins
START BINARY SEARCH
TIME: 27.49815327723821 mins
START BINARY SEARCH
TIME: 26.963292876879375 mins
START BINARY SEARCH
TIME: 26.762262411912282 mins
START BINARY SEARCH
TIME: 26.603322994709014 mins
START BINARY SEARCH
TIME: 26.827096366882323 mins
START BINARY SEARCH
TIME: 26.730570113658906 mins
START BINARY SEARCH
TIME: 26.428204758961996 mins
TIME: 304.81404821077984 mins
Cutoffs:  [0, 10, 20, 50, 100, 200] Price:  [0.0, 4484.0, 2473.0, 2473.0, 2172.0, 2172.0, 2150.0, 2150.0, 2146.0, 2146.0] Comp:  [  0.  40.  25.  47.  43. 106. 107. 213. 215. 429.] Profit:  4.9095
Total Revenue:  26.58 Total Cost:  13.39 Total Profit:  13.19
Consumer Welfare:  7.35 Social Welfare:  20.54 

