-549.93704 -666.158998
START: END 3000, NGRID 5
START BINARY SEARCH
TIME: 24.03700101772944 mins
START BINARY SEARCH
TIME: 11.301446978251139 mins
START BINARY SEARCH
TIME: 17.589346977074943 mins
START BINARY SEARCH
TIME: 17.873212003707884 mins
START BINARY SEARCH
TIME: 17.751608514785765 mins
START BINARY SEARCH
TIME: 17.86871392726898 mins
START BINARY SEARCH
TIME: 17.858938558896384 mins
START BINARY SEARCH
TIME: 17.543554011980692 mins
START BINARY SEARCH
TIME: 17.561968485514324 mins
START BINARY SEARCH
TIME: 17.61080326239268 mins
TIME: 177.4297707358996 mins
Cutoffs:  [0, 10, 20, 50, 100, 200] Price:  [0.0, 3000.0, 2641.0, 2641.0, 2172.0, 2172.0, 2162.0, 2162.0, 2167.0, 2167.0] Comp:  [  0.  27.  26.  50.  43. 106. 108. 214. 217. 433.] Profit:  4.3971
Total Revenue:  32.82 Total Cost:  21.01 Total Profit:  11.81
Consumer Welfare:  8.09 Social Welfare:  19.9 

