-549.93704 -666.158998
START: END 8000, NGRID 5
START BINARY SEARCH
TIME: 25.319872363408408 mins
START BINARY SEARCH
TIME: 26.22404154539108 mins
START BINARY SEARCH
TIME: 33.187169333299 mins
START BINARY SEARCH
TIME: 46.39515092770259 mins
START BINARY SEARCH
TIME: 29.68330709139506 mins
START BINARY SEARCH
TIME: 28.954963080088298 mins
START BINARY SEARCH
TIME: 29.100017925103504 mins
START BINARY SEARCH
TIME: 28.98930650949478 mins
START BINARY SEARCH
TIME: 29.347928977012636 mins
START BINARY SEARCH
TIME: 28.63651511669159 mins
START BINARY SEARCH
TIME: 28.086154611905418 mins
TIME: 334.8690179427465 mins
Cutoffs:  [0, 10, 20, 50, 100, 200] Price:  [0.0, 6891.0, 2641.0, 2641.0, 2268.0, 2268.0, 2150.0, 2150.0, 2068.0, 2068.0] Comp:  [  0.  62.  26.  50.  45. 111. 108. 213. 207. 414.] Profit:  4.3357
Total Revenue:  24.81 Total Cost:  13.16 Total Profit:  11.65
Consumer Welfare:  6.46 Social Welfare:  18.11 

