-549.93704 -666.158998
START: END 5000, NGRID 5
START BINARY SEARCH
TIME: 23.442307682832084 mins
START BINARY SEARCH
TIME: 17.196912503242494 mins
START BINARY SEARCH
TIME: 17.383545192082725 mins
START BINARY SEARCH
TIME: 17.303467563788097 mins
START BINARY SEARCH
TIME: 16.960219033559163 mins
START BINARY SEARCH
TIME: 17.146435856819153 mins
START BINARY SEARCH
TIME: 17.03456071217855 mins
START BINARY SEARCH
TIME: 17.16085620721181 mins
START BINARY SEARCH
TIME: 16.97738175392151 mins
START BINARY SEARCH
TIME: 17.14881259202957 mins
START BINARY SEARCH
TIME: 17.097285711765288 mins
TIME: 195.3221403280894 mins
Cutoffs:  [0, 10, 20, 50, 100, 200] Price:  [0.0, 5000.0, 2642.0, 2642.0, 2268.0, 2268.0, 2163.0, 2163.0, 2164.0, 2164.0] Comp:  [  0.  45.  26.  50.  45. 111. 108. 214. 216. 433.] Profit:  4.3421
Total Revenue:  24.82 Total Cost:  13.16 Total Profit:  11.66
Consumer Welfare:  6.29 Social Welfare:  17.95 

