-549.93704 -666.158998
START: END 4000, NGRID 5
START BINARY SEARCH
TIME: 23.5381360411644 mins
START BINARY SEARCH
TIME: 17.178289715449015 mins
START BINARY SEARCH
TIME: 17.60488210519155 mins
START BINARY SEARCH
TIME: 17.482794165611267 mins
START BINARY SEARCH
TIME: 17.135555879275003 mins
START BINARY SEARCH
TIME: 17.480475819110872 mins
START BINARY SEARCH
TIME: 17.36454307238261 mins
START BINARY SEARCH
TIME: 17.486821564038596 mins
START BINARY SEARCH
TIME: 17.676207121213277 mins
START BINARY SEARCH
TIME: 17.611103375752766 mins
TIME: 181.0032216389974 mins
Cutoffs:  [0, 10, 20, 50, 100, 200] Price:  [0.0, 4000.0, 2641.0, 2641.0, 2268.0, 2268.0, 2150.0, 2150.0, 2068.0, 2068.0] Comp:  [  0.  36.  26.  50.  45. 111. 108. 213. 207. 414.] Profit:  4.2313
Total Revenue:  26.0 Total Cost:  14.63 Total Profit:  11.37
Consumer Welfare:  6.58 Social Welfare:  17.95 

