-549.93704 -666.158998
START: END 3000, NGRID 5
START BINARY SEARCH
TIME: 24.127367583910623 mins
START BINARY SEARCH
TIME: 11.359075466791788 mins
START BINARY SEARCH
TIME: 17.735393337408702 mins
START BINARY SEARCH
TIME: 18.085660203297934 mins
START BINARY SEARCH
TIME: 18.011140314737954 mins
START BINARY SEARCH
TIME: 18.06277084350586 mins
START BINARY SEARCH
TIME: 18.126366209983825 mins
START BINARY SEARCH
TIME: 17.99352801243464 mins
START BINARY SEARCH
TIME: 18.103436664740244 mins
START BINARY SEARCH
TIME: 17.973530570665996 mins
TIME: 180.02561649481456 mins
Cutoffs:  [0, 10, 20, 50, 100, 200] Price:  [0.0, 3000.0, 2720.0, 2720.0, 2238.0, 2238.0, 2162.0, 2162.0, 2167.0, 2167.0] Comp:  [  0.  27.  27.  52.  45. 110. 108. 214. 217. 433.] Profit:  2.9808
Total Revenue:  32.18 Total Cost:  24.17 Total Profit:  8.01
Consumer Welfare:  7.62 Social Welfare:  15.63 

