-549.93704 -666.158998
START: END 9000, NGRID 5
START BINARY SEARCH
TIME: 28.2181364774704 mins
START BINARY SEARCH
TIME: 33.29893687168757 mins
START BINARY SEARCH
TIME: 33.59244606494904 mins
START BINARY SEARCH
TIME: 33.97467082738876 mins
START BINARY SEARCH
TIME: 33.76652406454086 mins
START BINARY SEARCH
TIME: 33.535516464710234 mins
START BINARY SEARCH
TIME: 33.44401473999024 mins
START BINARY SEARCH
TIME: 32.48859380483627 mins
START BINARY SEARCH
TIME: 32.99581091006597 mins
START BINARY SEARCH
TIME: 33.1783606727918 mins
START BINARY SEARCH
TIME: 32.90674221118291 mins
START BINARY SEARCH
TIME: 32.073053948084514 mins
TIME: 394.51781969070436 mins
Cutoffs:  [0, 10, 20, 50, 100, 200] Price:  [0.0, 6892.0, 2641.0, 2641.0, 2269.0, 2269.0, 2163.0, 2163.0, 2168.0, 2168.0] Comp:  [  0.  62.  26.  50.  45. 111. 108. 214. 217. 434.] Profit:  4.3447
Total Revenue:  24.73 Total Cost:  13.06 Total Profit:  11.67
Consumer Welfare:  6.28 Social Welfare:  17.95 

