-549.93704 -666.158998
START: END 6000, NGRID 5
START BINARY SEARCH
TIME: 25.22362074057261 mins
START BINARY SEARCH
TIME: 18.76695543527603 mins
START BINARY SEARCH
TIME: 19.139299949010212 mins
START BINARY SEARCH
TIME: 18.919279233614603 mins
START BINARY SEARCH
TIME: 29.07164747317632 mins
START BINARY SEARCH
TIME: 28.59316378434499 mins
START BINARY SEARCH
TIME: 28.85288750330607 mins
START BINARY SEARCH
TIME: 29.061062026023865 mins
START BINARY SEARCH
TIME: 28.994730524222057 mins
START BINARY SEARCH
TIME: 29.024442080656687 mins
START BINARY SEARCH
TIME: 29.219431523482005 mins
TIME: 285.6722162644068 mins
Cutoffs:  [0, 10, 20, 50, 100, 200] Price:  [0.0, 5846.0, 2632.0, 2632.0, 2238.0, 2238.0, 2162.0, 2162.0, 2167.0, 2167.0] Comp:  [  0.  53.  26.  50.  45. 110. 108. 214. 217. 433.] Profit:  4.3435
Total Revenue:  24.92 Total Cost:  13.25 Total Profit:  11.67
Consumer Welfare:  6.43 Social Welfare:  18.1 

