-549.93704 -666.158998
START: END 7000, NGRID 5
START BINARY SEARCH
TIME: 23.21989864508311 mins
START BINARY SEARCH
TIME: 24.07568086783091 mins
START BINARY SEARCH
TIME: 17.521252886454263 mins
START BINARY SEARCH
TIME: 17.26456727584203 mins
START BINARY SEARCH
TIME: 26.970834839344025 mins
START BINARY SEARCH
TIME: 27.095851413408916 mins
START BINARY SEARCH
TIME: 27.330801316102345 mins
START BINARY SEARCH
TIME: 27.498365541299183 mins
START BINARY SEARCH
TIME: 27.283093865712484 mins
START BINARY SEARCH
TIME: 27.169443345069887 mins
START BINARY SEARCH
TIME: 27.407001864910125 mins
TIME: 273.56210037867226 mins
Cutoffs:  [0, 10, 20, 50, 100, 200] Price:  [0.0, 6891.0, 2646.0, 2646.0, 2268.0, 2268.0, 2162.0, 2162.0, 2167.0, 2167.0] Comp:  [  0.  62.  26.  50.  45. 111. 108. 214. 217. 433.] Profit:  4.3432
Total Revenue:  24.7 Total Cost:  13.03 Total Profit:  11.67
Consumer Welfare:  6.27 Social Welfare:  17.94 

