-549.93704 -666.158998
START: END 5000, NGRID 5
START BINARY SEARCH
TIME: 23.04778963724772 mins
START BINARY SEARCH
TIME: 16.947511581579842 mins
START BINARY SEARCH
TIME: 17.046144251028696 mins
START BINARY SEARCH
TIME: 17.166224988301597 mins
START BINARY SEARCH
TIME: 17.093443775177 mins
START BINARY SEARCH
TIME: 17.029350594679514 mins
START BINARY SEARCH
TIME: 17.06671382188797 mins
START BINARY SEARCH
TIME: 16.710833636919656 mins
START BINARY SEARCH
TIME: 16.927219498157502 mins
START BINARY SEARCH
TIME: 16.805722200870512 mins
START BINARY SEARCH
TIME: 16.86527270078659 mins
TIME: 193.17718300819396 mins
Cutoffs:  [0, 10, 20, 50, 100, 200] Price:  [0.0, 5000.0, 2827.0, 2827.0, 2268.0, 2268.0, 2163.0, 2163.0, 2164.0, 2164.0] Comp:  [  0.  45.  28.  54.  45. 111. 108. 214. 216. 433.] Profit:  3.8405
Total Revenue:  23.59 Total Cost:  13.27 Total Profit:  10.32
Consumer Welfare:  5.77 Social Welfare:  16.09 

