-549.93704 -666.158998
START: END 4000, NGRID 5
START BINARY SEARCH
TIME: 23.238438161214194 mins
START BINARY SEARCH
TIME: 17.287723020712534 mins
START BINARY SEARCH
TIME: 17.829479495684307 mins
START BINARY SEARCH
TIME: 18.42930351495743 mins
START BINARY SEARCH
TIME: 18.45752544005712 mins
START BINARY SEARCH
TIME: 18.13167237440745 mins
START BINARY SEARCH
TIME: 16.9784835934639 mins
START BINARY SEARCH
TIME: 16.892594313621522 mins
START BINARY SEARCH
TIME: 16.947071103254952 mins
START BINARY SEARCH
TIME: 16.997718258698782 mins
TIME: 181.62744662761688 mins
Cutoffs:  [0, 10, 20, 50, 100, 200] Price:  [0.0, 4000.0, 2828.0, 2828.0, 2268.0, 2268.0, 2158.0, 2158.0, 2068.0, 2068.0] Comp:  [  0.  36.  28.  54.  45. 111. 108. 214. 207. 414.] Profit:  3.6244
Total Revenue:  24.78 Total Cost:  15.05 Total Profit:  9.74
Consumer Welfare:  6.05 Social Welfare:  15.78 

