-549.93704 -666.158998
START: END 3000, NGRID 5
START BINARY SEARCH
TIME: 24.108915928999583 mins
START BINARY SEARCH
TIME: 10.789627703030904 mins
START BINARY SEARCH
TIME: 10.984712127844492 mins
START BINARY SEARCH
TIME: 16.777543866634367 mins
START BINARY SEARCH
TIME: 17.170965719223023 mins
START BINARY SEARCH
TIME: 16.969303437074025 mins
START BINARY SEARCH
TIME: 17.054006147384644 mins
START BINARY SEARCH
TIME: 16.99560865958532 mins
START BINARY SEARCH
TIME: 17.054682191212972 mins
START BINARY SEARCH
TIME: 17.297492520014444 mins
TIME: 165.62310064236323 mins
Cutoffs:  [0, 10, 20, 50, 100, 200] Price:  [0.0, 3000.0, 2859.0, 2859.0, 2295.0, 2295.0, 2162.0, 2162.0, 2167.0, 2167.0] Comp:  [  0.  27.  29.  54.  46. 112. 108. 214. 217. 433.] Profit:  1.609
Total Revenue:  31.35 Total Cost:  27.03 Total Profit:  4.32
Consumer Welfare:  7.09 Social Welfare:  11.41 

