-549.93704 -666.158998
START: END 6000, NGRID 5
START BINARY SEARCH
TIME: 25.596410854657492 mins
START BINARY SEARCH
TIME: 19.053826467196146 mins
START BINARY SEARCH
TIME: 19.132639102141063 mins
START BINARY SEARCH
TIME: 18.94293146133423 mins
START BINARY SEARCH
TIME: 29.232353719075522 mins
START BINARY SEARCH
TIME: 29.63873694340388 mins
START BINARY SEARCH
TIME: 29.38600359360377 mins
START BINARY SEARCH
TIME: 29.683328572909037 mins
START BINARY SEARCH
TIME: 29.332647812366485 mins
START BINARY SEARCH
TIME: 29.539483253161112 mins
START BINARY SEARCH
TIME: 29.686460653940838 mins
TIME: 290.0330532868703 mins
Cutoffs:  [0, 10, 20, 50, 100, 200] Price:  [0.0, 5977.0, 2814.0, 2814.0, 2269.0, 2269.0, 2162.0, 2162.0, 2167.0, 2167.0] Comp:  [  0.  54.  28.  53.  45. 111. 108. 214. 217. 433.] Profit:  3.8483
Total Revenue:  23.56 Total Cost:  13.22 Total Profit:  10.34
Consumer Welfare:  5.79 Social Welfare:  16.13 

