-549.93704 -666.158998
START: END 6000, NGRID 5
START BINARY SEARCH
TIME: 23.830530047416687 mins
START BINARY SEARCH
TIME: 17.335933458805084 mins
START BINARY SEARCH
TIME: 17.76633001565933 mins
START BINARY SEARCH
TIME: 17.868061717351278 mins
START BINARY SEARCH
TIME: 17.790631103515626 mins
START BINARY SEARCH
TIME: 26.700869437058767 mins
START BINARY SEARCH
TIME: 27.277948276201883 mins
START BINARY SEARCH
TIME: 27.063947951793672 mins
START BINARY SEARCH
TIME: 26.473608299096426 mins
START BINARY SEARCH
TIME: 26.630571762720745 mins
START BINARY SEARCH
TIME: 26.608974480628966 mins
TIME: 256.0175111532211 mins
Cutoffs:  [0, 10, 20, 50, 100, 200] Price:  [0.0, 5977.0, 2864.0, 2864.0, 2297.0, 2297.0, 2162.0, 2162.0, 2167.0, 2167.0] Comp:  [  0.  54.  29.  54.  46. 113. 108. 214. 217. 433.] Profit:  3.4031
Total Revenue:  23.03 Total Cost:  13.89 Total Profit:  9.14
Consumer Welfare:  5.56 Social Welfare:  14.7 

