-549.93704 -666.158998
START: END 4000, NGRID 5
START BINARY SEARCH
TIME: 24.208813337484994 mins
START BINARY SEARCH
TIME: 17.759971570968627 mins
START BINARY SEARCH
TIME: 18.63244853814443 mins
START BINARY SEARCH
TIME: 18.86034747759501 mins
START BINARY SEARCH
TIME: 18.76377954483032 mins
START BINARY SEARCH
TIME: 17.787371301651 mins
START BINARY SEARCH
TIME: 17.21634731690089 mins
START BINARY SEARCH
TIME: 17.05365368525187 mins
START BINARY SEARCH
TIME: 17.041699961821237 mins
START BINARY SEARCH
TIME: 17.176510711510975 mins
TIME: 184.95416365464527 mins
Cutoffs:  [0, 10, 20, 50, 100, 200] Price:  [0.0, 4000.0, 2920.0, 2920.0, 2375.0, 2375.0, 2166.0, 2166.0, 2166.0, 2166.0] Comp:  [  0.  36.  29.  55.  48. 116. 108. 214. 217. 433.] Profit:  3.0757
Total Revenue:  23.45 Total Cost:  15.19 Total Profit:  8.26
Consumer Welfare:  5.26 Social Welfare:  13.52 

