-549.93704 -666.158998
START: END 5000, NGRID 5
START BINARY SEARCH
TIME: 24.321995254357656 mins
START BINARY SEARCH
TIME: 18.102951780954996 mins
START BINARY SEARCH
TIME: 18.71508795817693 mins
START BINARY SEARCH
TIME: 19.197306104501088 mins
START BINARY SEARCH
TIME: 18.971447626749676 mins
START BINARY SEARCH
TIME: 18.083261915047963 mins
START BINARY SEARCH
TIME: 17.583741092681883 mins
START BINARY SEARCH
TIME: 17.37592272758484 mins
START BINARY SEARCH
TIME: 26.837018438180287 mins
START BINARY SEARCH
TIME: 26.772284611066183 mins
START BINARY SEARCH
TIME: 26.475957159201304 mins
TIME: 233.022360821565 mins
Cutoffs:  [0, 10, 20, 50, 100, 200] Price:  [0.0, 4998.0, 2999.0, 2999.0, 2269.0, 2269.0, 2163.0, 2163.0, 2164.0, 2164.0] Comp:  [  0.  45.  30.  57.  45. 111. 108. 214. 216. 433.] Profit:  3.3862
Total Revenue:  22.43 Total Cost:  13.33 Total Profit:  9.1
Consumer Welfare:  5.41 Social Welfare:  14.51 

