-549.93704 -666.158998
START: END 3000, NGRID 5
START BINARY SEARCH
TIME: 22.961483410994212 mins
START BINARY SEARCH
TIME: 10.733836913108826 mins
START BINARY SEARCH
TIME: 10.981895812352498 mins
START BINARY SEARCH
TIME: 10.961724201838175 mins
START BINARY SEARCH
TIME: 16.439788222312927 mins
START BINARY SEARCH
TIME: 10.918259044488272 mins
START BINARY SEARCH
TIME: 10.948307315508524 mins
START BINARY SEARCH
TIME: 16.7615900238355 mins
START BINARY SEARCH
TIME: 16.919632438818613 mins
START BINARY SEARCH
TIME: 16.782623585065206 mins
TIME: 144.75044276714326 mins
Cutoffs:  [0, 10, 20, 50, 100, 200] Price:  [0.0, 3000.0, 2991.0, 2991.0, 2297.0, 2297.0, 2162.0, 2162.0, 2167.0, 2167.0] Comp:  [  0.  27.  30.  57.  46. 113. 108. 214. 217. 433.] Profit:  0.2573
Total Revenue:  30.74 Total Cost:  30.05 Total Profit:  0.69
Consumer Welfare:  6.86 Social Welfare:  7.55 

